Using pre-set license
Built from '2021.2/staging' branch; Version is '2021.2.3f1 (32358a8527b4) revision 3290506'; Using compiler version '192829333'; Build Type 'Release'
OS: 'Windows 10 Pro; OS build 22000.376; Version 2009; 64bit' Language: 'ru' Physical Memory: 32622 MB
BatchMode: 1, IsHumanControllingUs: 0, StartBugReporterOnCrash: 0, Is64bit: 1, IsPro: 0

COMMAND LINE ARGUMENTS:
C:\Program Files\Unity\Hub\Editor\2021.2.3f1\Editor\Unity.exe
-adb2
-batchMode
-noUpm
-name
AssetImportWorker7
-projectPath
D:/Program Files/Unity Projects/nymphaeaceae/nymphaeaceae
-logFile
Logs/AssetImportWorker7.log
-srvPort
54840
Successfully changed project path to: D:/Program Files/Unity Projects/nymphaeaceae/nymphaeaceae
D:/Program Files/Unity Projects/nymphaeaceae/nymphaeaceae
[UnityMemory] Configuration Parameters - Can be set up in boot.config
    "memorysetup-bucket-allocator-granularity=16"
    "memorysetup-bucket-allocator-bucket-count=8"
    "memorysetup-bucket-allocator-block-size=33554432"
    "memorysetup-bucket-allocator-block-count=8"
    "memorysetup-main-allocator-block-size=16777216"
    "memorysetup-thread-allocator-block-size=16777216"
    "memorysetup-gfx-main-allocator-block-size=16777216"
    "memorysetup-gfx-thread-allocator-block-size=16777216"
    "memorysetup-cache-allocator-block-size=4194304"
    "memorysetup-typetree-allocator-block-size=2097152"
    "memorysetup-profiler-bucket-allocator-granularity=16"
    "memorysetup-profiler-bucket-allocator-bucket-count=8"
    "memorysetup-profiler-bucket-allocator-block-size=33554432"
    "memorysetup-profiler-bucket-allocator-block-count=8"
    "memorysetup-profiler-allocator-block-size=16777216"
    "memorysetup-profiler-editor-allocator-block-size=1048576"
    "memorysetup-temp-allocator-size-main=16777216"
    "memorysetup-job-temp-allocator-block-size=2097152"
    "memorysetup-job-temp-allocator-block-size-background=1048576"
    "memorysetup-job-temp-allocator-reduction-small-platforms=262144"
    "memorysetup-temp-allocator-size-background-worker=32768"
    "memorysetup-temp-allocator-size-job-worker=262144"
    "memorysetup-temp-allocator-size-preload-manager=33554432"
    "memorysetup-temp-allocator-size-nav-mesh-worker=65536"
    "memorysetup-temp-allocator-size-audio-worker=65536"
    "memorysetup-temp-allocator-size-cloud-worker=32768"
    "memorysetup-temp-allocator-size-gi-baking-worker=262144"
    "memorysetup-temp-allocator-size-gfx=262144"
Refreshing native plugins compatible for Editor in 80.39 ms, found 3 plugins.
Preloading 0 native plugins for Editor in 0.00 ms.
Initialize engine version: 2021.2.3f1 (32358a8527b4)
[Subsystems] Discovering subsystems at path C:/Program Files/Unity/Hub/Editor/2021.2.3f1/Editor/Data/Resources/UnitySubsystems
[Subsystems] Discovering subsystems at path D:/Program Files/Unity Projects/nymphaeaceae/nymphaeaceae/Assets
GfxDevice: creating device client; threaded=0; jobified=0
Direct3D:
    Version:  Direct3D 11.0 [level 11.1]
    Renderer: NVIDIA GeForce GTX 1070 (ID=0x1b81)
    Vendor:   NVIDIA
    VRAM:     8088 MB
    Driver:   30.0.14.9676
Initialize mono
Mono path[0] = 'C:/Program Files/Unity/Hub/Editor/2021.2.3f1/Editor/Data/Managed'
Mono path[1] = 'C:/Program Files/Unity/Hub/Editor/2021.2.3f1/Editor/Data/MonoBleedingEdge/lib/mono/unityjit-win32'
Mono config path = 'C:/Program Files/Unity/Hub/Editor/2021.2.3f1/Editor/Data/MonoBleedingEdge/etc'
Using monoOptions --debugger-agent=transport=dt_socket,embedding=1,server=y,suspend=n,address=127.0.0.1:56108
Begin MonoManager ReloadAssembly
Registering precompiled unity dll's ...
Register platform support module: C:/Program Files/Unity/Hub/Editor/2021.2.3f1/Editor/Data/PlaybackEngines/WindowsStandaloneSupport/UnityEditor.WindowsStandalone.Extensions.dll
Registered in 0.002337 seconds.
Native extension for WindowsStandalone target not found
Refreshing native plugins compatible for Editor in 77.50 ms, found 3 plugins.
Preloading 0 native plugins for Editor in 0.00 ms.
Mono: successfully reloaded assembly
- Completed reload, in  0.457 seconds
Domain Reload Profiling:
	ReloadAssembly (457ms)
		BeginReloadAssembly (48ms)
			ExecutionOrderSort (0ms)
			DisableScriptedObjects (0ms)
			BackupInstance (0ms)
			ReleaseScriptingObjects (0ms)
			CreateAndSetChildDomain (1ms)
		EndReloadAssembly (356ms)
			LoadAssemblies (46ms)
			RebuildTransferFunctionScriptingTraits (0ms)
			SetupTypeCache (71ms)
			ReleaseScriptCaches (0ms)
			RebuildScriptCaches (22ms)
			SetupLoadedEditorAssemblies (228ms)
				LogAssemblyErrors (0ms)
				InitializePlatformSupportModulesInManaged (11ms)
				SetLoadedEditorAssemblies (0ms)
				RefreshPlugins (78ms)
				BeforeProcessingInitializeOnLoad (1ms)
				ProcessInitializeOnLoadAttributes (106ms)
				ProcessInitializeOnLoadMethodAttributes (33ms)
				AfterProcessingInitializeOnLoad (0ms)
				EditorAssembliesLoaded (0ms)
			ExecutionOrderSort2 (0ms)
			AwakeInstancesAfterBackupRestoration (0ms)
Platform modules already initialized, skipping
Registering precompiled user dll's ...
Registered in 0.002619 seconds.
Begin MonoManager ReloadAssembly
Symbol file LoadedFromMemory doesn't match image D:\Program Files\Unity Projects\nymphaeaceae\nymphaeaceae\Library\PackageCache\com.unity.visualscripting@1.7.5\Editor\VisualScripting.Core\Dependencies\YamlDotNet\Unity.VisualScripting.YamlDotNet.dll
Symbol file LoadedFromMemory doesn't match image D:\Program Files\Unity Projects\nymphaeaceae\nymphaeaceae\Library\PackageCache\com.unity.visualscripting@1.7.5\Editor\VisualScripting.Core\Dependencies\DotNetZip\Unity.VisualScripting.IonicZip.dll
Native extension for WindowsStandalone target not found
Refreshing native plugins compatible for Editor in 77.17 ms, found 3 plugins.
Preloading 0 native plugins for Editor in 0.00 ms.
Mono: successfully reloaded assembly
- Completed reload, in  1.365 seconds
Domain Reload Profiling:
	ReloadAssembly (1366ms)
		BeginReloadAssembly (122ms)
			ExecutionOrderSort (0ms)
			DisableScriptedObjects (5ms)
			BackupInstance (0ms)
			ReleaseScriptingObjects (0ms)
			CreateAndSetChildDomain (14ms)
		EndReloadAssembly (1171ms)
			LoadAssemblies (54ms)
			RebuildTransferFunctionScriptingTraits (0ms)
			SetupTypeCache (221ms)
			ReleaseScriptCaches (1ms)
			RebuildScriptCaches (47ms)
			SetupLoadedEditorAssemblies (777ms)
				LogAssemblyErrors (0ms)
				InitializePlatformSupportModulesInManaged (7ms)
				SetLoadedEditorAssemblies (0ms)
				RefreshPlugins (77ms)
				BeforeProcessingInitializeOnLoad (74ms)
				ProcessInitializeOnLoadAttributes (548ms)
				ProcessInitializeOnLoadMethodAttributes (65ms)
				AfterProcessingInitializeOnLoad (5ms)
				EditorAssembliesLoaded (0ms)
			ExecutionOrderSort2 (0ms)
			AwakeInstancesAfterBackupRestoration (4ms)
Platform modules already initialized, skipping
========================================================================
Worker process is ready to serve import requests
Launched and connected shader compiler UnityShaderCompiler.exe after 0.04 seconds
Refreshing native plugins compatible for Editor in 0.64 ms, found 3 plugins.
Preloading 0 native plugins for Editor in 0.00 ms.
Unloading 5245 Unused Serialized files (Serialized files now loaded: 0)
Unloading 39 unused Assets / (0.6 MB). Loaded Objects now: 5703.
Memory consumption went from 214.8 MB to 214.1 MB.
Total: 3.099400 ms (FindLiveObjects: 0.349500 ms CreateObjectMapping: 0.199400 ms MarkObjects: 2.388900 ms  DeleteObjects: 0.160300 ms)

AssetImportParameters requested are different than current active one (requested -> active):
  custom:video-decoder-ogg-theora: a1e56fd34408186e4bbccfd4996cb3dc -> 
  custom:container-muxer-webm: aa71ff27fc2769a1b78a27578f13a17b -> 
  custom:container-demuxer-webm: 4f35f7cbe854078d1ac9338744f61a02 -> 
  custom:video-encoder-webm-vp8: eb34c28f22e8b96e1ab97ce403110664 -> 
  custom:audio-encoder-webm-vorbis: bf7c407c2cedff20999df2af8eb42d56 -> 
  custom:framework-win-MediaFoundation: 216162199b28c13a410421893ffa2e32 -> 
  custom:container-demuxer-ogg: 62fdf1f143b41e24485cea50d1cbac27 -> 
  custom:video-decoder-webm-vp8: 9c59270c3fd7afecdb556c50c9e8de78 -> 
  custom:audio-decoder-ogg-vorbis: bf7c407c2cedff20999df2af8eb42d56 -> 
========================================================================
Received Import Request.
  Time since last request: 50986.855627 seconds.
  path: Assets/01_AssetStore/DoorPackFree/Prefab/DoorV2.prefab
  artifactKey: Guid(43eee9f9554092940955b82111321ef9) Importer(815301076,1909f56bfc062723c751e8b465ee728b)
Start importing Assets/01_AssetStore/DoorPackFree/Prefab/DoorV2.prefab using Guid(43eee9f9554092940955b82111321ef9) Importer(815301076,1909f56bfc062723c751e8b465ee728b)  -> (artifact id: '49b3f830d9174f2af815c722546eaed6') in 0.264851 seconds 
========================================================================
Received Import Request.
  Time since last request: 0.000034 seconds.
  path: Assets/01_AssetStore/DoorPackFree/Prefab/DoorV4.prefab
  artifactKey: Guid(cb60040219dadd549961b794ea48a5a6) Importer(815301076,1909f56bfc062723c751e8b465ee728b)
Start importing Assets/01_AssetStore/DoorPackFree/Prefab/DoorV4.prefab using Guid(cb60040219dadd549961b794ea48a5a6) Importer(815301076,1909f56bfc062723c751e8b465ee728b)  -> (artifact id: '8fcab0c696c444546a592df1c5561a92') in 0.032261 seconds 
========================================================================
Received Import Request.
  Time since last request: 0.000039 seconds.
  path: Assets/01_AssetStore/DoorPackFree/Prefab/DoorV3.prefab
  artifactKey: Guid(4fdd4c7eaedfdf4468f35acfb5fbce20) Importer(815301076,1909f56bfc062723c751e8b465ee728b)
Start importing Assets/01_AssetStore/DoorPackFree/Prefab/DoorV3.prefab using Guid(4fdd4c7eaedfdf4468f35acfb5fbce20) Importer(815301076,1909f56bfc062723c751e8b465ee728b)  -> (artifact id: '3252f3d06c1782e961b060f2a94ba3ee') in 0.026833 seconds 
========================================================================
Received Import Request.
  Time since last request: 0.000022 seconds.
  path: Assets/01_AssetStore/DoorPackFree/Prefab/Video intercomV2.prefab
  artifactKey: Guid(f742591dd0579d348b57910f6cb34ed2) Importer(815301076,1909f56bfc062723c751e8b465ee728b)
Start importing Assets/01_AssetStore/DoorPackFree/Prefab/Video intercomV2.prefab using Guid(f742591dd0579d348b57910f6cb34ed2) Importer(815301076,1909f56bfc062723c751e8b465ee728b)  -> (artifact id: 'b48098d1de7ac9a2a0ae8dfecdb1957c') in 0.032690 seconds 
========================================================================
Received Import Request.
  Time since last request: 0.000032 seconds.
  path: Assets/01_AssetStore/DoorPackFree/Prefab/DoorV5.prefab
  artifactKey: Guid(2f91276de7c55894daf22ad8f81ca24c) Importer(815301076,1909f56bfc062723c751e8b465ee728b)
Start importing Assets/01_AssetStore/DoorPackFree/Prefab/DoorV5.prefab using Guid(2f91276de7c55894daf22ad8f81ca24c) Importer(815301076,1909f56bfc062723c751e8b465ee728b)  -> (artifact id: 'dcb325a18dd062f13be8f9cab0f588a5') in 0.028713 seconds 
========================================================================
Received Import Request.
  Time since last request: 8.218475 seconds.
  path: Assets/01_AssetStore/DoorPackFree/Meshes/Video intercom/Textures/V2/Aferar_01 - Default_SpecularSmoothness.png
  artifactKey: Guid(b5068666fca838c42a2363d5e66e7f83) Importer(815301076,1909f56bfc062723c751e8b465ee728b)
Start importing Assets/01_AssetStore/DoorPackFree/Meshes/Video intercom/Textures/V2/Aferar_01 - Default_SpecularSmoothness.png using Guid(b5068666fca838c42a2363d5e66e7f83) Importer(815301076,1909f56bfc062723c751e8b465ee728b)  -> (artifact id: '71bb731cf43e3ab63da0d4ec3ec7b333') in 0.047577 seconds 
========================================================================
Received Import Request.
  Time since last request: 7.834428 seconds.
  path: Assets/01_AssetStore/DoorPackFree/Meshes/Door001/Materials/V3.mat
  artifactKey: Guid(1c826cebdd68dc546b6889791583ec7e) Importer(815301076,1909f56bfc062723c751e8b465ee728b)
Start importing Assets/01_AssetStore/DoorPackFree/Meshes/Door001/Materials/V3.mat using Guid(1c826cebdd68dc546b6889791583ec7e) Importer(815301076,1909f56bfc062723c751e8b465ee728b)  -> (artifact id: '94f7c6463a7048c0cb3c2aa7b012a3df') in 0.045974 seconds 
========================================================================
Received Import Request.
  Time since last request: 0.000029 seconds.
  path: Assets/01_AssetStore/DoorPackFree/Meshes/Door001/Materials/V6.mat
  artifactKey: Guid(0b7dd8513656d9c4fa0cbe919fb9fa8d) Importer(815301076,1909f56bfc062723c751e8b465ee728b)
Start importing Assets/01_AssetStore/DoorPackFree/Meshes/Door001/Materials/V6.mat using Guid(0b7dd8513656d9c4fa0cbe919fb9fa8d) Importer(815301076,1909f56bfc062723c751e8b465ee728b)  -> (artifact id: '28bd07f42e972f1a0ab443632695353e') in 0.053817 seconds 
========================================================================
Received Import Request.
  Time since last request: 0.000035 seconds.
  path: Assets/01_AssetStore/DoorPackFree/Meshes/Door001/Materials/V5.mat
  artifactKey: Guid(ff33776f394eae0438185b88600e3a2c) Importer(815301076,1909f56bfc062723c751e8b465ee728b)
Start importing Assets/01_AssetStore/DoorPackFree/Meshes/Door001/Materials/V5.mat using Guid(ff33776f394eae0438185b88600e3a2c) Importer(815301076,1909f56bfc062723c751e8b465ee728b)  -> (artifact id: '4dace9ab0980f5f1c4b84544a1ad68f4') in 0.032466 seconds 
========================================================================
Received Import Request.
  Time since last request: 8.822081 seconds.
  path: Assets/01_AssetStore/DoorPackFree/Meshes/Door001/V2/Aferar_13 - Default_SpecularSmoothness.png
  artifactKey: Guid(a703548941a513a4b9d01a9b3640fd4a) Importer(815301076,1909f56bfc062723c751e8b465ee728b)
Start importing Assets/01_AssetStore/DoorPackFree/Meshes/Door001/V2/Aferar_13 - Default_SpecularSmoothness.png using Guid(a703548941a513a4b9d01a9b3640fd4a) Importer(815301076,1909f56bfc062723c751e8b465ee728b)  -> (artifact id: '1269cf56fcfc70a395eb0609e9a61ee6') in 0.032822 seconds 
Editor requested this worker to shutdown with reason: Scaling down because of idle timeout
AssetImportWorker is now disconnected from the server
Process exiting
Exiting without the bug reporter. Application will terminate with return code 0