Using pre-set license
Built from '2021.2/staging' branch; Version is '2021.2.3f1 (32358a8527b4) revision 3290506'; Using compiler version '192829333'; Build Type 'Release'
OS: 'Windows 10 Pro; OS build 22000.376; Version 2009; 64bit' Language: 'ru' Physical Memory: 32622 MB
BatchMode: 1, IsHumanControllingUs: 0, StartBugReporterOnCrash: 0, Is64bit: 1, IsPro: 0

COMMAND LINE ARGUMENTS:
C:\Program Files\Unity\Hub\Editor\2021.2.3f1\Editor\Unity.exe
-adb2
-batchMode
-noUpm
-name
AssetImportWorker6
-projectPath
D:/Program Files/Unity Projects/nymphaeaceae/nymphaeaceae
-logFile
Logs/AssetImportWorker6.log
-srvPort
52172
Successfully changed project path to: D:/Program Files/Unity Projects/nymphaeaceae/nymphaeaceae
D:/Program Files/Unity Projects/nymphaeaceae/nymphaeaceae
[UnityMemory] Configuration Parameters - Can be set up in boot.config
    "memorysetup-bucket-allocator-granularity=16"
    "memorysetup-bucket-allocator-bucket-count=8"
    "memorysetup-bucket-allocator-block-size=33554432"
    "memorysetup-bucket-allocator-block-count=8"
    "memorysetup-main-allocator-block-size=16777216"
    "memorysetup-thread-allocator-block-size=16777216"
    "memorysetup-gfx-main-allocator-block-size=16777216"
    "memorysetup-gfx-thread-allocator-block-size=16777216"
    "memorysetup-cache-allocator-block-size=4194304"
    "memorysetup-typetree-allocator-block-size=2097152"
    "memorysetup-profiler-bucket-allocator-granularity=16"
    "memorysetup-profiler-bucket-allocator-bucket-count=8"
    "memorysetup-profiler-bucket-allocator-block-size=33554432"
    "memorysetup-profiler-bucket-allocator-block-count=8"
    "memorysetup-profiler-allocator-block-size=16777216"
    "memorysetup-profiler-editor-allocator-block-size=1048576"
    "memorysetup-temp-allocator-size-main=16777216"
    "memorysetup-job-temp-allocator-block-size=2097152"
    "memorysetup-job-temp-allocator-block-size-background=1048576"
    "memorysetup-job-temp-allocator-reduction-small-platforms=262144"
    "memorysetup-temp-allocator-size-background-worker=32768"
    "memorysetup-temp-allocator-size-job-worker=262144"
    "memorysetup-temp-allocator-size-preload-manager=33554432"
    "memorysetup-temp-allocator-size-nav-mesh-worker=65536"
    "memorysetup-temp-allocator-size-audio-worker=65536"
    "memorysetup-temp-allocator-size-cloud-worker=32768"
    "memorysetup-temp-allocator-size-gi-baking-worker=262144"
    "memorysetup-temp-allocator-size-gfx=262144"
Refreshing native plugins compatible for Editor in 103.18 ms, found 3 plugins.
Preloading 0 native plugins for Editor in 0.00 ms.
Initialize engine version: 2021.2.3f1 (32358a8527b4)
[Subsystems] Discovering subsystems at path C:/Program Files/Unity/Hub/Editor/2021.2.3f1/Editor/Data/Resources/UnitySubsystems
[Subsystems] Discovering subsystems at path D:/Program Files/Unity Projects/nymphaeaceae/nymphaeaceae/Assets
GfxDevice: creating device client; threaded=0; jobified=0
Direct3D:
    Version:  Direct3D 11.0 [level 11.1]
    Renderer: NVIDIA GeForce GTX 1070 (ID=0x1b81)
    Vendor:   NVIDIA
    VRAM:     8088 MB
    Driver:   30.0.14.9676
Initialize mono
Mono path[0] = 'C:/Program Files/Unity/Hub/Editor/2021.2.3f1/Editor/Data/Managed'
Mono path[1] = 'C:/Program Files/Unity/Hub/Editor/2021.2.3f1/Editor/Data/MonoBleedingEdge/lib/mono/unityjit-win32'
Mono config path = 'C:/Program Files/Unity/Hub/Editor/2021.2.3f1/Editor/Data/MonoBleedingEdge/etc'
Using monoOptions --debugger-agent=transport=dt_socket,embedding=1,server=y,suspend=n,address=127.0.0.1:56740
Begin MonoManager ReloadAssembly
Registering precompiled unity dll's ...
Register platform support module: C:/Program Files/Unity/Hub/Editor/2021.2.3f1/Editor/Data/PlaybackEngines/WindowsStandaloneSupport/UnityEditor.WindowsStandalone.Extensions.dll
Registered in 0.002505 seconds.
Native extension for WindowsStandalone target not found
Refreshing native plugins compatible for Editor in 80.00 ms, found 3 plugins.
Preloading 0 native plugins for Editor in 0.00 ms.
Mono: successfully reloaded assembly
- Completed reload, in  0.489 seconds
Domain Reload Profiling:
	ReloadAssembly (490ms)
		BeginReloadAssembly (51ms)
			ExecutionOrderSort (0ms)
			DisableScriptedObjects (0ms)
			BackupInstance (0ms)
			ReleaseScriptingObjects (0ms)
			CreateAndSetChildDomain (1ms)
		EndReloadAssembly (383ms)
			LoadAssemblies (49ms)
			RebuildTransferFunctionScriptingTraits (0ms)
			SetupTypeCache (80ms)
			ReleaseScriptCaches (0ms)
			RebuildScriptCaches (22ms)
			SetupLoadedEditorAssemblies (241ms)
				LogAssemblyErrors (0ms)
				InitializePlatformSupportModulesInManaged (11ms)
				SetLoadedEditorAssemblies (0ms)
				RefreshPlugins (80ms)
				BeforeProcessingInitializeOnLoad (1ms)
				ProcessInitializeOnLoadAttributes (112ms)
				ProcessInitializeOnLoadMethodAttributes (37ms)
				AfterProcessingInitializeOnLoad (0ms)
				EditorAssembliesLoaded (0ms)
			ExecutionOrderSort2 (0ms)
			AwakeInstancesAfterBackupRestoration (0ms)
Platform modules already initialized, skipping
Registering precompiled user dll's ...
Registered in 0.002887 seconds.
Begin MonoManager ReloadAssembly
Symbol file LoadedFromMemory doesn't match image D:\Program Files\Unity Projects\nymphaeaceae\nymphaeaceae\Library\PackageCache\com.unity.visualscripting@1.7.5\Editor\VisualScripting.Core\Dependencies\YamlDotNet\Unity.VisualScripting.YamlDotNet.dll
Symbol file LoadedFromMemory doesn't match image D:\Program Files\Unity Projects\nymphaeaceae\nymphaeaceae\Library\PackageCache\com.unity.visualscripting@1.7.5\Editor\VisualScripting.Core\Dependencies\DotNetZip\Unity.VisualScripting.IonicZip.dll
Native extension for WindowsStandalone target not found
Refreshing native plugins compatible for Editor in 73.54 ms, found 3 plugins.
Preloading 0 native plugins for Editor in 0.00 ms.
Mono: successfully reloaded assembly
- Completed reload, in  1.181 seconds
Domain Reload Profiling:
	ReloadAssembly (1181ms)
		BeginReloadAssembly (120ms)
			ExecutionOrderSort (0ms)
			DisableScriptedObjects (4ms)
			BackupInstance (0ms)
			ReleaseScriptingObjects (0ms)
			CreateAndSetChildDomain (17ms)
		EndReloadAssembly (984ms)
			LoadAssemblies (59ms)
			RebuildTransferFunctionScriptingTraits (0ms)
			SetupTypeCache (225ms)
			ReleaseScriptCaches (0ms)
			RebuildScriptCaches (45ms)
			SetupLoadedEditorAssemblies (580ms)
				LogAssemblyErrors (0ms)
				InitializePlatformSupportModulesInManaged (7ms)
				SetLoadedEditorAssemblies (0ms)
				RefreshPlugins (74ms)
				BeforeProcessingInitializeOnLoad (74ms)
				ProcessInitializeOnLoadAttributes (358ms)
				ProcessInitializeOnLoadMethodAttributes (64ms)
				AfterProcessingInitializeOnLoad (3ms)
				EditorAssembliesLoaded (0ms)
			ExecutionOrderSort2 (0ms)
			AwakeInstancesAfterBackupRestoration (5ms)
Platform modules already initialized, skipping
========================================================================
Worker process is ready to serve import requests
Launched and connected shader compiler UnityShaderCompiler.exe after 0.05 seconds
Refreshing native plugins compatible for Editor in 1.37 ms, found 3 plugins.
Preloading 0 native plugins for Editor in 0.00 ms.
Unloading 5103 Unused Serialized files (Serialized files now loaded: 0)
Unloading 35 unused Assets / (347.6 KB). Loaded Objects now: 5564.
Memory consumption went from 205.5 MB to 205.2 MB.
Total: 6.456500 ms (FindLiveObjects: 0.639400 ms CreateObjectMapping: 0.629400 ms MarkObjects: 4.963200 ms  DeleteObjects: 0.223000 ms)

AssetImportParameters requested are different than current active one (requested -> active):
  custom:video-decoder-ogg-theora: a1e56fd34408186e4bbccfd4996cb3dc -> 
  custom:container-muxer-webm: aa71ff27fc2769a1b78a27578f13a17b -> 
  custom:container-demuxer-webm: 4f35f7cbe854078d1ac9338744f61a02 -> 
  custom:video-encoder-webm-vp8: eb34c28f22e8b96e1ab97ce403110664 -> 
  custom:audio-encoder-webm-vorbis: bf7c407c2cedff20999df2af8eb42d56 -> 
  custom:framework-win-MediaFoundation: 216162199b28c13a410421893ffa2e32 -> 
  custom:container-demuxer-ogg: 62fdf1f143b41e24485cea50d1cbac27 -> 
  custom:video-decoder-webm-vp8: 9c59270c3fd7afecdb556c50c9e8de78 -> 
  custom:audio-decoder-ogg-vorbis: bf7c407c2cedff20999df2af8eb42d56 -> 
========================================================================
Received Prepare
Registering precompiled user dll's ...
Registered in 0.002618 seconds.
Begin MonoManager ReloadAssembly
Symbol file LoadedFromMemory doesn't match image D:\Program Files\Unity Projects\nymphaeaceae\nymphaeaceae\Library\PackageCache\com.unity.visualscripting@1.7.5\Editor\VisualScripting.Core\Dependencies\YamlDotNet\Unity.VisualScripting.YamlDotNet.dll
Symbol file LoadedFromMemory doesn't match image D:\Program Files\Unity Projects\nymphaeaceae\nymphaeaceae\Library\PackageCache\com.unity.visualscripting@1.7.5\Editor\VisualScripting.Core\Dependencies\DotNetZip\Unity.VisualScripting.IonicZip.dll
Native extension for WindowsStandalone target not found
Refreshing native plugins compatible for Editor in 0.66 ms, found 3 plugins.
Preloading 0 native plugins for Editor in 0.00 ms.
Mono: successfully reloaded assembly
- Completed reload, in  0.986 seconds
Domain Reload Profiling:
	ReloadAssembly (987ms)
		BeginReloadAssembly (114ms)
			ExecutionOrderSort (0ms)
			DisableScriptedObjects (5ms)
			BackupInstance (0ms)
			ReleaseScriptingObjects (0ms)
			CreateAndSetChildDomain (34ms)
		EndReloadAssembly (811ms)
			LoadAssemblies (56ms)
			RebuildTransferFunctionScriptingTraits (0ms)
			SetupTypeCache (222ms)
			ReleaseScriptCaches (2ms)
			RebuildScriptCaches (40ms)
			SetupLoadedEditorAssemblies (400ms)
				LogAssemblyErrors (0ms)
				InitializePlatformSupportModulesInManaged (8ms)
				SetLoadedEditorAssemblies (0ms)
				RefreshPlugins (1ms)
				BeforeProcessingInitializeOnLoad (62ms)
				ProcessInitializeOnLoadAttributes (268ms)
				ProcessInitializeOnLoadMethodAttributes (57ms)
				AfterProcessingInitializeOnLoad (4ms)
				EditorAssembliesLoaded (0ms)
			ExecutionOrderSort2 (0ms)
			AwakeInstancesAfterBackupRestoration (6ms)
Platform modules already initialized, skipping
Refreshing native plugins compatible for Editor in 0.71 ms, found 3 plugins.
Preloading 0 native plugins for Editor in 0.00 ms.
Unloading 4973 Unused Serialized files (Serialized files now loaded: 0)
Unloading 26 unused Assets / (309.8 KB). Loaded Objects now: 5566.
Memory consumption went from 196.5 MB to 196.2 MB.
Total: 2.776200 ms (FindLiveObjects: 0.357000 ms CreateObjectMapping: 0.184600 ms MarkObjects: 2.188200 ms  DeleteObjects: 0.045500 ms)

AssetImportParameters requested are different than current active one (requested -> active):
  custom:video-decoder-ogg-theora: a1e56fd34408186e4bbccfd4996cb3dc -> 
  custom:container-muxer-webm: aa71ff27fc2769a1b78a27578f13a17b -> 
  custom:container-demuxer-webm: 4f35f7cbe854078d1ac9338744f61a02 -> 
  custom:video-encoder-webm-vp8: eb34c28f22e8b96e1ab97ce403110664 -> 
  custom:audio-encoder-webm-vorbis: bf7c407c2cedff20999df2af8eb42d56 -> 
  custom:framework-win-MediaFoundation: 216162199b28c13a410421893ffa2e32 -> 
  custom:container-demuxer-ogg: 62fdf1f143b41e24485cea50d1cbac27 -> 
  custom:video-decoder-webm-vp8: 9c59270c3fd7afecdb556c50c9e8de78 -> 
  custom:audio-decoder-ogg-vorbis: bf7c407c2cedff20999df2af8eb42d56 -> 
========================================================================
Received Import Request.
  Time since last request: 43115.105052 seconds.
  path: Assets/Scenes
  artifactKey: Guid(6578977980bbb0242b998ba6595f35ae) Importer(815301076,1909f56bfc062723c751e8b465ee728b)
Start importing Assets/Scenes using Guid(6578977980bbb0242b998ba6595f35ae) Importer(815301076,1909f56bfc062723c751e8b465ee728b)  -> (artifact id: '1f1778efc81ca36c6138d8bba5c852bb') in 0.014721 seconds 
========================================================================
Received Import Request.
  Time since last request: 31.211909 seconds.
  path: Assets/Scenes/Level.unity
  artifactKey: Guid(21feb02c5712d2c409b191aef985122d) Importer(815301076,1909f56bfc062723c751e8b465ee728b)
Start importing Assets/Scenes/Level.unity using Guid(21feb02c5712d2c409b191aef985122d) Importer(815301076,1909f56bfc062723c751e8b465ee728b)  -> (artifact id: 'ee8e9560836ef43d656f9c3e687e13c1') in 0.020156 seconds 
========================================================================
Received Import Request.
  Time since last request: 12.348555 seconds.
  path: Assets/HomeStuff/Models
  artifactKey: Guid(90feaaa20fb97904fbb7579a03d7f184) Importer(815301076,1909f56bfc062723c751e8b465ee728b)
Start importing Assets/HomeStuff/Models using Guid(90feaaa20fb97904fbb7579a03d7f184) Importer(815301076,1909f56bfc062723c751e8b465ee728b)  -> (artifact id: '9f91ff7311335f607429058ce7d5e02a') in 0.006336 seconds 
========================================================================
Received Import Request.
  Time since last request: 25.879206 seconds.
  path: Assets/StylizedWater2/Prefabs/StylizedWater2_Ocean.prefab
  artifactKey: Guid(915defc4859ebad4789c339184a60ebf) Importer(815301076,1909f56bfc062723c751e8b465ee728b)
Start importing Assets/StylizedWater2/Prefabs/StylizedWater2_Ocean.prefab using Guid(915defc4859ebad4789c339184a60ebf) Importer(815301076,1909f56bfc062723c751e8b465ee728b) Tried select unknown importer for id '-2' '00000000000000000000000000000000'
 -> (artifact id: 'e6a13ee57b46ca30e1849c01013939a0') in 1.989533 seconds 
========================================================================
Received Import Request.
  Time since last request: 0.000032 seconds.
  path: Assets/StylizedWater2/Prefabs/StylizedWater_Lowpoly.prefab
  artifactKey: Guid(0188e8e4d666f9245860a6b3dfeb4f35) Importer(815301076,1909f56bfc062723c751e8b465ee728b)
Start importing Assets/StylizedWater2/Prefabs/StylizedWater_Lowpoly.prefab using Guid(0188e8e4d666f9245860a6b3dfeb4f35) Importer(815301076,1909f56bfc062723c751e8b465ee728b) Tried select unknown importer for id '-2' '00000000000000000000000000000000'
 -> (artifact id: '975333539e32223959f88bcff10c32fd') in 0.533130 seconds 
========================================================================
Received Import Request.
  Time since last request: 9.431546 seconds.
  path: Assets/StylizedWater2/Prefabs/Effects
  artifactKey: Guid(df65ea362ff94f44ba88e3cd5c9614e9) Importer(815301076,1909f56bfc062723c751e8b465ee728b)
Start importing Assets/StylizedWater2/Prefabs/Effects using Guid(df65ea362ff94f44ba88e3cd5c9614e9) Importer(815301076,1909f56bfc062723c751e8b465ee728b)  -> (artifact id: 'e4b7aca5f8438b1c362812a30c775d13') in 0.005887 seconds 
========================================================================
Received Import Request.
  Time since last request: 0.050195 seconds.
  path: Assets/StylizedWater2/Prefabs/Effects/BigSplash.prefab
  artifactKey: Guid(6b76a0875a63f5b49b9e65317f0605c2) Importer(815301076,1909f56bfc062723c751e8b465ee728b)
Start importing Assets/StylizedWater2/Prefabs/Effects/BigSplash.prefab using Guid(6b76a0875a63f5b49b9e65317f0605c2) Importer(815301076,1909f56bfc062723c751e8b465ee728b)  -> (artifact id: '6b91364710887f06dd6d050a95400bc8') in 0.572262 seconds 
========================================================================
Received Import Request.
  Time since last request: 0.000048 seconds.
  path: Assets/StylizedWater2/Prefabs/Effects/WaterSplash_Ring.prefab
  artifactKey: Guid(739d56770abfc6c41b86831a901b2325) Importer(815301076,1909f56bfc062723c751e8b465ee728b)
Start importing Assets/StylizedWater2/Prefabs/Effects/WaterSplash_Ring.prefab using Guid(739d56770abfc6c41b86831a901b2325) Importer(815301076,1909f56bfc062723c751e8b465ee728b)  -> (artifact id: '46578c735e316d08c23b6426cf3c5e16') in 0.022071 seconds 
========================================================================
Received Import Request.
  Time since last request: 0.000032 seconds.
  path: Assets/StylizedWater2/Prefabs/Effects/WaterSplash_Collision.prefab
  artifactKey: Guid(7910ad3d8376cdc4eb35254d53a2c9ba) Importer(815301076,1909f56bfc062723c751e8b465ee728b)
Start importing Assets/StylizedWater2/Prefabs/Effects/WaterSplash_Collision.prefab using Guid(7910ad3d8376cdc4eb35254d53a2c9ba) Importer(815301076,1909f56bfc062723c751e8b465ee728b)  -> (artifact id: '1f6f5b71e3fcddb2e13cd581ec05e45d') in 0.030314 seconds 
========================================================================
Received Import Request.
  Time since last request: 0.000114 seconds.
  path: Assets/StylizedWater2/Prefabs/Effects/WaterRipples_Stationairy.prefab
  artifactKey: Guid(80bca475e2653584bbce994c1c05b884) Importer(815301076,1909f56bfc062723c751e8b465ee728b)
Start importing Assets/StylizedWater2/Prefabs/Effects/WaterRipples_Stationairy.prefab using Guid(80bca475e2653584bbce994c1c05b884) Importer(815301076,1909f56bfc062723c751e8b465ee728b)  -> (artifact id: '382039c97fa548c54cc91d815397644d') in 0.020074 seconds 
========================================================================
Received Import Request.
  Time since last request: 0.000028 seconds.
  path: Assets/StylizedWater2/Prefabs/Effects/WaterRipples_Trail.prefab
  artifactKey: Guid(63656e13f1f71ae49900cb61fa7cd47e) Importer(815301076,1909f56bfc062723c751e8b465ee728b)
Start importing Assets/StylizedWater2/Prefabs/Effects/WaterRipples_Trail.prefab using Guid(63656e13f1f71ae49900cb61fa7cd47e) Importer(815301076,1909f56bfc062723c751e8b465ee728b)  -> (artifact id: '1b77fe4e236c5cbef0924a2f4824ce20') in 0.020914 seconds 
========================================================================
Received Import Request.
  Time since last request: 0.000030 seconds.
  path: Assets/StylizedWater2/Prefabs/Effects/WaterSplash_Up.prefab
  artifactKey: Guid(1f58020111bdca64098e62c1be7abc89) Importer(815301076,1909f56bfc062723c751e8b465ee728b)
Start importing Assets/StylizedWater2/Prefabs/Effects/WaterSplash_Up.prefab using Guid(1f58020111bdca64098e62c1be7abc89) Importer(815301076,1909f56bfc062723c751e8b465ee728b)  -> (artifact id: '9d6f6577bb9ca23d09a0645a374b8ab0') in 0.022079 seconds 
========================================================================
Received Import Request.
  Time since last request: 2.474382 seconds.
  path: Assets/StylizedWater2/Materials/Effects/WaterMistParticle.mat
  artifactKey: Guid(0a53b1cf91a82c342acb93348cbdf42f) Importer(815301076,1909f56bfc062723c751e8b465ee728b)
Start importing Assets/StylizedWater2/Materials/Effects/WaterMistParticle.mat using Guid(0a53b1cf91a82c342acb93348cbdf42f) Importer(815301076,1909f56bfc062723c751e8b465ee728b)  -> (artifact id: '05127cad9a1c5bd5b5ab10e3896216eb') in 0.038428 seconds 
