Using pre-set license
Built from '2021.2/staging' branch; Version is '2021.2.3f1 (32358a8527b4) revision 3290506'; Using compiler version '192829333'; Build Type 'Release'
OS: 'Windows 10 Pro; OS build 22000.376; Version 2009; 64bit' Language: 'ru' Physical Memory: 32622 MB
BatchMode: 1, IsHumanControllingUs: 0, StartBugReporterOnCrash: 0, Is64bit: 1, IsPro: 0

COMMAND LINE ARGUMENTS:
C:\Program Files\Unity\Hub\Editor\2021.2.3f1\Editor\Unity.exe
-adb2
-batchMode
-noUpm
-name
AssetImportWorker4
-projectPath
D:/Program Files/Unity Projects/nymphaeaceae/nymphaeaceae
-logFile
Logs/AssetImportWorker4.log
-srvPort
54840
Successfully changed project path to: D:/Program Files/Unity Projects/nymphaeaceae/nymphaeaceae
D:/Program Files/Unity Projects/nymphaeaceae/nymphaeaceae
[UnityMemory] Configuration Parameters - Can be set up in boot.config
    "memorysetup-bucket-allocator-granularity=16"
    "memorysetup-bucket-allocator-bucket-count=8"
    "memorysetup-bucket-allocator-block-size=33554432"
    "memorysetup-bucket-allocator-block-count=8"
    "memorysetup-main-allocator-block-size=16777216"
    "memorysetup-thread-allocator-block-size=16777216"
    "memorysetup-gfx-main-allocator-block-size=16777216"
    "memorysetup-gfx-thread-allocator-block-size=16777216"
    "memorysetup-cache-allocator-block-size=4194304"
    "memorysetup-typetree-allocator-block-size=2097152"
    "memorysetup-profiler-bucket-allocator-granularity=16"
    "memorysetup-profiler-bucket-allocator-bucket-count=8"
    "memorysetup-profiler-bucket-allocator-block-size=33554432"
    "memorysetup-profiler-bucket-allocator-block-count=8"
    "memorysetup-profiler-allocator-block-size=16777216"
    "memorysetup-profiler-editor-allocator-block-size=1048576"
    "memorysetup-temp-allocator-size-main=16777216"
    "memorysetup-job-temp-allocator-block-size=2097152"
    "memorysetup-job-temp-allocator-block-size-background=1048576"
    "memorysetup-job-temp-allocator-reduction-small-platforms=262144"
    "memorysetup-temp-allocator-size-background-worker=32768"
    "memorysetup-temp-allocator-size-job-worker=262144"
    "memorysetup-temp-allocator-size-preload-manager=33554432"
    "memorysetup-temp-allocator-size-nav-mesh-worker=65536"
    "memorysetup-temp-allocator-size-audio-worker=65536"
    "memorysetup-temp-allocator-size-cloud-worker=32768"
    "memorysetup-temp-allocator-size-gi-baking-worker=262144"
    "memorysetup-temp-allocator-size-gfx=262144"
Refreshing native plugins compatible for Editor in 74.94 ms, found 3 plugins.
Preloading 0 native plugins for Editor in 0.00 ms.
Initialize engine version: 2021.2.3f1 (32358a8527b4)
[Subsystems] Discovering subsystems at path C:/Program Files/Unity/Hub/Editor/2021.2.3f1/Editor/Data/Resources/UnitySubsystems
[Subsystems] Discovering subsystems at path D:/Program Files/Unity Projects/nymphaeaceae/nymphaeaceae/Assets
GfxDevice: creating device client; threaded=0; jobified=0
Direct3D:
    Version:  Direct3D 11.0 [level 11.1]
    Renderer: NVIDIA GeForce GTX 1070 (ID=0x1b81)
    Vendor:   NVIDIA
    VRAM:     8088 MB
    Driver:   30.0.14.9676
Initialize mono
Mono path[0] = 'C:/Program Files/Unity/Hub/Editor/2021.2.3f1/Editor/Data/Managed'
Mono path[1] = 'C:/Program Files/Unity/Hub/Editor/2021.2.3f1/Editor/Data/MonoBleedingEdge/lib/mono/unityjit-win32'
Mono config path = 'C:/Program Files/Unity/Hub/Editor/2021.2.3f1/Editor/Data/MonoBleedingEdge/etc'
Using monoOptions --debugger-agent=transport=dt_socket,embedding=1,server=y,suspend=n,address=127.0.0.1:56932
Begin MonoManager ReloadAssembly
Registering precompiled unity dll's ...
Register platform support module: C:/Program Files/Unity/Hub/Editor/2021.2.3f1/Editor/Data/PlaybackEngines/WindowsStandaloneSupport/UnityEditor.WindowsStandalone.Extensions.dll
Registered in 0.002247 seconds.
Native extension for WindowsStandalone target not found
Refreshing native plugins compatible for Editor in 73.85 ms, found 3 plugins.
Preloading 0 native plugins for Editor in 0.00 ms.
Mono: successfully reloaded assembly
- Completed reload, in  0.455 seconds
Domain Reload Profiling:
	ReloadAssembly (455ms)
		BeginReloadAssembly (50ms)
			ExecutionOrderSort (0ms)
			DisableScriptedObjects (0ms)
			BackupInstance (0ms)
			ReleaseScriptingObjects (0ms)
			CreateAndSetChildDomain (1ms)
		EndReloadAssembly (354ms)
			LoadAssemblies (49ms)
			RebuildTransferFunctionScriptingTraits (0ms)
			SetupTypeCache (67ms)
			ReleaseScriptCaches (0ms)
			RebuildScriptCaches (20ms)
			SetupLoadedEditorAssemblies (229ms)
				LogAssemblyErrors (0ms)
				InitializePlatformSupportModulesInManaged (11ms)
				SetLoadedEditorAssemblies (0ms)
				RefreshPlugins (74ms)
				BeforeProcessingInitializeOnLoad (1ms)
				ProcessInitializeOnLoadAttributes (108ms)
				ProcessInitializeOnLoadMethodAttributes (35ms)
				AfterProcessingInitializeOnLoad (0ms)
				EditorAssembliesLoaded (0ms)
			ExecutionOrderSort2 (0ms)
			AwakeInstancesAfterBackupRestoration (0ms)
Platform modules already initialized, skipping
Registering precompiled user dll's ...
Registered in 0.002866 seconds.
Begin MonoManager ReloadAssembly
Symbol file LoadedFromMemory doesn't match image D:\Program Files\Unity Projects\nymphaeaceae\nymphaeaceae\Library\PackageCache\com.unity.visualscripting@1.7.5\Editor\VisualScripting.Core\Dependencies\YamlDotNet\Unity.VisualScripting.YamlDotNet.dll
Symbol file LoadedFromMemory doesn't match image D:\Program Files\Unity Projects\nymphaeaceae\nymphaeaceae\Library\PackageCache\com.unity.visualscripting@1.7.5\Editor\VisualScripting.Core\Dependencies\DotNetZip\Unity.VisualScripting.IonicZip.dll
Native extension for WindowsStandalone target not found
Refreshing native plugins compatible for Editor in 79.92 ms, found 3 plugins.
Preloading 0 native plugins for Editor in 0.00 ms.
Mono: successfully reloaded assembly
- Completed reload, in  1.330 seconds
Domain Reload Profiling:
	ReloadAssembly (1330ms)
		BeginReloadAssembly (112ms)
			ExecutionOrderSort (0ms)
			DisableScriptedObjects (4ms)
			BackupInstance (0ms)
			ReleaseScriptingObjects (0ms)
			CreateAndSetChildDomain (15ms)
		EndReloadAssembly (1155ms)
			LoadAssemblies (53ms)
			RebuildTransferFunctionScriptingTraits (0ms)
			SetupTypeCache (201ms)
			ReleaseScriptCaches (0ms)
			RebuildScriptCaches (44ms)
			SetupLoadedEditorAssemblies (782ms)
				LogAssemblyErrors (0ms)
				InitializePlatformSupportModulesInManaged (7ms)
				SetLoadedEditorAssemblies (0ms)
				RefreshPlugins (80ms)
				BeforeProcessingInitializeOnLoad (78ms)
				ProcessInitializeOnLoadAttributes (547ms)
				ProcessInitializeOnLoadMethodAttributes (67ms)
				AfterProcessingInitializeOnLoad (3ms)
				EditorAssembliesLoaded (0ms)
			ExecutionOrderSort2 (0ms)
			AwakeInstancesAfterBackupRestoration (4ms)
Platform modules already initialized, skipping
========================================================================
Worker process is ready to serve import requests
Launched and connected shader compiler UnityShaderCompiler.exe after 0.04 seconds
Refreshing native plugins compatible for Editor in 0.76 ms, found 3 plugins.
Preloading 0 native plugins for Editor in 0.00 ms.
Unloading 5245 Unused Serialized files (Serialized files now loaded: 0)
Unloading 39 unused Assets / (0.6 MB). Loaded Objects now: 5703.
Memory consumption went from 214.8 MB to 214.1 MB.
Total: 4.043100 ms (FindLiveObjects: 0.338700 ms CreateObjectMapping: 0.260800 ms MarkObjects: 3.170600 ms  DeleteObjects: 0.272300 ms)

AssetImportParameters requested are different than current active one (requested -> active):
  custom:video-decoder-ogg-theora: a1e56fd34408186e4bbccfd4996cb3dc -> 
  custom:container-muxer-webm: aa71ff27fc2769a1b78a27578f13a17b -> 
  custom:container-demuxer-webm: 4f35f7cbe854078d1ac9338744f61a02 -> 
  custom:video-encoder-webm-vp8: eb34c28f22e8b96e1ab97ce403110664 -> 
  custom:audio-encoder-webm-vorbis: bf7c407c2cedff20999df2af8eb42d56 -> 
  custom:framework-win-MediaFoundation: 216162199b28c13a410421893ffa2e32 -> 
  custom:container-demuxer-ogg: 62fdf1f143b41e24485cea50d1cbac27 -> 
  custom:video-decoder-webm-vp8: 9c59270c3fd7afecdb556c50c9e8de78 -> 
  custom:audio-decoder-ogg-vorbis: bf7c407c2cedff20999df2af8eb42d56 -> 
========================================================================
Received Import Request.
  Time since last request: 49939.360489 seconds.
  path: Assets/VIRTI/VOXEL-Forniture-FREE/Example/LightingData.asset
  artifactKey: Guid(cebeaa991f3be3949a7f85f3e0c090d9) Importer(815301076,1909f56bfc062723c751e8b465ee728b)
Start importing Assets/VIRTI/VOXEL-Forniture-FREE/Example/LightingData.asset using Guid(cebeaa991f3be3949a7f85f3e0c090d9) Importer(815301076,1909f56bfc062723c751e8b465ee728b) Lighting data asset ‘LightingData’ is incompatible with the current Unity version because the scene it was baked for was not serialized. Please use Generate Lighting to rebuild the lighting data, or assign the target scene to the Lighting Data Asset in the inspector.
 -> (artifact id: 'd1bf0f1acf41475c403d8b6907c1b2da') in 0.037448 seconds 
========================================================================
Received Import Request.
  Time since last request: 8.659009 seconds.
  path: Assets/VIRTI/VOXEL-Forniture-FREE/Example/Scenes
  artifactKey: Guid(5160d8a9ef2dbbf4c9ee1dbb21344e3f) Importer(815301076,1909f56bfc062723c751e8b465ee728b)
Start importing Assets/VIRTI/VOXEL-Forniture-FREE/Example/Scenes using Guid(5160d8a9ef2dbbf4c9ee1dbb21344e3f) Importer(815301076,1909f56bfc062723c751e8b465ee728b)  -> (artifact id: '17b4847f9c5c5ec0941e9f9fe0cccc7f') in 0.005722 seconds 
========================================================================
Received Import Request.
  Time since last request: 1.265610 seconds.
  path: Assets/VIRTI/VOXEL-Forniture-FREE/Example/Scenes/List.unity
  artifactKey: Guid(fd1d186593c863e48ac55eba29c21c95) Importer(815301076,1909f56bfc062723c751e8b465ee728b)
Start importing Assets/VIRTI/VOXEL-Forniture-FREE/Example/Scenes/List.unity using Guid(fd1d186593c863e48ac55eba29c21c95) Importer(815301076,1909f56bfc062723c751e8b465ee728b)  -> (artifact id: '894d74f22a9a6d7490d91e2a290bec9e') in 0.006758 seconds 
========================================================================
Received Import Request.
  Time since last request: 4.769884 seconds.
  path: Assets/VIRTI/VOXEL-Forniture-FREE/Example/PostProcessing/Post.asset
  artifactKey: Guid(311912b8e86be714f84bc53c91c9ad25) Importer(815301076,1909f56bfc062723c751e8b465ee728b)
Start importing Assets/VIRTI/VOXEL-Forniture-FREE/Example/PostProcessing/Post.asset using Guid(311912b8e86be714f84bc53c91c9ad25) Importer(815301076,1909f56bfc062723c751e8b465ee728b)  -> (artifact id: '0a5a805de41562f8eb85ac4220408e9d') in 0.014357 seconds 
========================================================================
Received Import Request.
  Time since last request: 11.429981 seconds.
  path: Assets/VIRTI/VOXEL-Forniture-FREE/Example/PostProcessing/Resources
  artifactKey: Guid(52380717b4884c04ebc31c46dda84909) Importer(815301076,1909f56bfc062723c751e8b465ee728b)
Start importing Assets/VIRTI/VOXEL-Forniture-FREE/Example/PostProcessing/Resources using Guid(52380717b4884c04ebc31c46dda84909) Importer(815301076,1909f56bfc062723c751e8b465ee728b)  -> (artifact id: '62fc33ce90604e0fef3561c974102489') in 0.006630 seconds 
========================================================================
Received Import Request.
  Time since last request: 1.606533 seconds.
  path: Assets/VIRTI/VOXEL-Forniture-FREE/Example/PostProcessing/Resources/Shaders
  artifactKey: Guid(e039bcc30d13c9341aa224f4e89f21b3) Importer(815301076,1909f56bfc062723c751e8b465ee728b)
Start importing Assets/VIRTI/VOXEL-Forniture-FREE/Example/PostProcessing/Resources/Shaders using Guid(e039bcc30d13c9341aa224f4e89f21b3) Importer(815301076,1909f56bfc062723c751e8b465ee728b)  -> (artifact id: 'edfe8537bfd0937759a601b674f70c53') in 0.005644 seconds 
========================================================================
Received Import Request.
  Time since last request: 0.047685 seconds.
  path: Assets/VIRTI/VOXEL-Forniture-FREE/Example/PostProcessing/Resources/Shaders/ACES.cginc
  artifactKey: Guid(b8d56fc3449f426408c23c723b58d7b5) Importer(815301076,1909f56bfc062723c751e8b465ee728b)
Start importing Assets/VIRTI/VOXEL-Forniture-FREE/Example/PostProcessing/Resources/Shaders/ACES.cginc using Guid(b8d56fc3449f426408c23c723b58d7b5) Importer(815301076,1909f56bfc062723c751e8b465ee728b)  -> (artifact id: '119ab0317dd9a8ec5c2418524bec7c5b') in 0.007601 seconds 
========================================================================
Received Import Request.
  Time since last request: 0.000024 seconds.
  path: Assets/VIRTI/VOXEL-Forniture-FREE/Example/PostProcessing/Resources/Shaders/AmbientOcclusion.cginc
  artifactKey: Guid(447591ee3d9d4204899be5fe25968ea0) Importer(815301076,1909f56bfc062723c751e8b465ee728b)
Start importing Assets/VIRTI/VOXEL-Forniture-FREE/Example/PostProcessing/Resources/Shaders/AmbientOcclusion.cginc using Guid(447591ee3d9d4204899be5fe25968ea0) Importer(815301076,1909f56bfc062723c751e8b465ee728b)  -> (artifact id: 'ca16caa51158f06b447614c02281e596') in 0.008058 seconds 
========================================================================
Received Import Request.
  Time since last request: 0.005615 seconds.
  path: Assets/VIRTI/VOXEL-Forniture-FREE/Example/PostProcessing/Resources/Shaders/DepthOfField.cginc
  artifactKey: Guid(ddc2c19b8a216d748a357ffe32ba4dc1) Importer(815301076,1909f56bfc062723c751e8b465ee728b)
Start importing Assets/VIRTI/VOXEL-Forniture-FREE/Example/PostProcessing/Resources/Shaders/DepthOfField.cginc using Guid(ddc2c19b8a216d748a357ffe32ba4dc1) Importer(815301076,1909f56bfc062723c751e8b465ee728b)  -> (artifact id: '56407b939426722c593a9048fe60b142') in 0.007470 seconds 
========================================================================
Received Import Request.
  Time since last request: 0.000026 seconds.
  path: Assets/VIRTI/VOXEL-Forniture-FREE/Example/PostProcessing/Resources/Shaders/UberSecondPass.cginc
  artifactKey: Guid(b6e42614562a56445ba4b5d90301f06f) Importer(815301076,1909f56bfc062723c751e8b465ee728b)
Start importing Assets/VIRTI/VOXEL-Forniture-FREE/Example/PostProcessing/Resources/Shaders/UberSecondPass.cginc using Guid(b6e42614562a56445ba4b5d90301f06f) Importer(815301076,1909f56bfc062723c751e8b465ee728b)  -> (artifact id: '221b4ccc0144e9fa9f1ad77b831ed759') in 0.006856 seconds 
========================================================================
Received Import Request.
  Time since last request: 0.000015 seconds.
  path: Assets/VIRTI/VOXEL-Forniture-FREE/Example/PostProcessing/Resources/Shaders/FXAA3.cginc
  artifactKey: Guid(613b4036a9f55c34fb054bde02455e46) Importer(815301076,1909f56bfc062723c751e8b465ee728b)
Start importing Assets/VIRTI/VOXEL-Forniture-FREE/Example/PostProcessing/Resources/Shaders/FXAA3.cginc using Guid(613b4036a9f55c34fb054bde02455e46) Importer(815301076,1909f56bfc062723c751e8b465ee728b)  -> (artifact id: '38e62420d13ef5e1ea11eb6f0a375383') in 0.007036 seconds 
========================================================================
Received Import Request.
  Time since last request: 0.000020 seconds.
  path: Assets/VIRTI/VOXEL-Forniture-FREE/Example/PostProcessing/Resources/Shaders/DiskKernels.cginc
  artifactKey: Guid(faeb738b5a2c3ff43bd104dd5b1a275c) Importer(815301076,1909f56bfc062723c751e8b465ee728b)
Start importing Assets/VIRTI/VOXEL-Forniture-FREE/Example/PostProcessing/Resources/Shaders/DiskKernels.cginc using Guid(faeb738b5a2c3ff43bd104dd5b1a275c) Importer(815301076,1909f56bfc062723c751e8b465ee728b)  -> (artifact id: 'cfef44b0e0bb42eaca98a3540ca8fb4f') in 0.007957 seconds 
========================================================================
Received Import Request.
  Time since last request: 0.000022 seconds.
  path: Assets/VIRTI/VOXEL-Forniture-FREE/Example/PostProcessing/Resources/Shaders/MotionBlur.cginc
  artifactKey: Guid(c83956915580e42489479d2a109470ab) Importer(815301076,1909f56bfc062723c751e8b465ee728b)
Start importing Assets/VIRTI/VOXEL-Forniture-FREE/Example/PostProcessing/Resources/Shaders/MotionBlur.cginc using Guid(c83956915580e42489479d2a109470ab) Importer(815301076,1909f56bfc062723c751e8b465ee728b)  -> (artifact id: '985de117350c0391c6f4646adf1a0c0b') in 0.006299 seconds 
========================================================================
Received Import Request.
  Time since last request: 0.000021 seconds.
  path: Assets/VIRTI/VOXEL-Forniture-FREE/Example/PostProcessing/Resources/Shaders/EyeAdaptation.cginc
  artifactKey: Guid(d2f406cad28afda489b94594fb3ce0af) Importer(815301076,1909f56bfc062723c751e8b465ee728b)
Start importing Assets/VIRTI/VOXEL-Forniture-FREE/Example/PostProcessing/Resources/Shaders/EyeAdaptation.cginc using Guid(d2f406cad28afda489b94594fb3ce0af) Importer(815301076,1909f56bfc062723c751e8b465ee728b)  -> (artifact id: '9965fab189da37f6277e716c05cbbea6') in 0.005901 seconds 
========================================================================
Received Import Request.
  Time since last request: 1.450941 seconds.
  path: Assets/VIRTI/VOXEL-Forniture-FREE/Example/PostProcessing/Resources/Bluenoise64/LDR_LLL1_0.png
  artifactKey: Guid(50b54341495978843a6f85583ed4417d) Importer(815301076,1909f56bfc062723c751e8b465ee728b)
Start importing Assets/VIRTI/VOXEL-Forniture-FREE/Example/PostProcessing/Resources/Bluenoise64/LDR_LLL1_0.png using Guid(50b54341495978843a6f85583ed4417d) Importer(815301076,1909f56bfc062723c751e8b465ee728b)  -> (artifact id: 'e0bc43f4f15a65cead74c994894220eb') in 0.072454 seconds 
========================================================================
Received Import Request.
  Time since last request: 0.000017 seconds.
  path: Assets/VIRTI/VOXEL-Forniture-FREE/Example/PostProcessing/Resources/Bluenoise64/LDR_LLL1_29.png
  artifactKey: Guid(aa80dc44aa4fe4c43bb9d51d90cf2958) Importer(815301076,1909f56bfc062723c751e8b465ee728b)
Start importing Assets/VIRTI/VOXEL-Forniture-FREE/Example/PostProcessing/Resources/Bluenoise64/LDR_LLL1_29.png using Guid(aa80dc44aa4fe4c43bb9d51d90cf2958) Importer(815301076,1909f56bfc062723c751e8b465ee728b)  -> (artifact id: 'aba79446775604f6f4f8399264e64e8c') in 0.016591 seconds 
========================================================================
Received Import Request.
  Time since last request: 0.000034 seconds.
  path: Assets/VIRTI/VOXEL-Forniture-FREE/Example/PostProcessing/Resources/Bluenoise64/LDR_LLL1_53.png
  artifactKey: Guid(c94b57b5a32a22d43ade66e09f6a4bd2) Importer(815301076,1909f56bfc062723c751e8b465ee728b)
Start importing Assets/VIRTI/VOXEL-Forniture-FREE/Example/PostProcessing/Resources/Bluenoise64/LDR_LLL1_53.png using Guid(c94b57b5a32a22d43ade66e09f6a4bd2) Importer(815301076,1909f56bfc062723c751e8b465ee728b)  -> (artifact id: '4e69641c407fff359bb958440ec7de9c') in 0.016448 seconds 
========================================================================
Received Import Request.
  Time since last request: 0.000018 seconds.
  path: Assets/VIRTI/VOXEL-Forniture-FREE/Example/PostProcessing/Resources/Bluenoise64/LDR_LLL1_31.png
  artifactKey: Guid(6b0a189df0bd4d5448eaefb4e673ace8) Importer(815301076,1909f56bfc062723c751e8b465ee728b)
Start importing Assets/VIRTI/VOXEL-Forniture-FREE/Example/PostProcessing/Resources/Bluenoise64/LDR_LLL1_31.png using Guid(6b0a189df0bd4d5448eaefb4e673ace8) Importer(815301076,1909f56bfc062723c751e8b465ee728b)  -> (artifact id: '71774466acf43e1039166e58a85f6224') in 0.016251 seconds 
========================================================================
Received Import Request.
  Time since last request: 0.000020 seconds.
  path: Assets/VIRTI/VOXEL-Forniture-FREE/Example/PostProcessing/Resources/Bluenoise64/LDR_LLL1_7.png
  artifactKey: Guid(3ac02e7e783571c468f9c086d2384ba7) Importer(815301076,1909f56bfc062723c751e8b465ee728b)
Start importing Assets/VIRTI/VOXEL-Forniture-FREE/Example/PostProcessing/Resources/Bluenoise64/LDR_LLL1_7.png using Guid(3ac02e7e783571c468f9c086d2384ba7) Importer(815301076,1909f56bfc062723c751e8b465ee728b)  -> (artifact id: '4ee4b2c3f2efc685d7cc0383e7ba073a') in 0.015654 seconds 
========================================================================
Received Import Request.
  Time since last request: 0.000016 seconds.
  path: Assets/VIRTI/VOXEL-Forniture-FREE/Example/PostProcessing/Resources/Bluenoise64/LDR_LLL1_6.png
  artifactKey: Guid(79b86f3419b87f3429164a956da8cfab) Importer(815301076,1909f56bfc062723c751e8b465ee728b)
Start importing Assets/VIRTI/VOXEL-Forniture-FREE/Example/PostProcessing/Resources/Bluenoise64/LDR_LLL1_6.png using Guid(79b86f3419b87f3429164a956da8cfab) Importer(815301076,1909f56bfc062723c751e8b465ee728b)  -> (artifact id: 'a5dc35d88076e0ca80f7733075e76aca') in 0.015986 seconds 
========================================================================
Received Import Request.
  Time since last request: 0.000019 seconds.
  path: Assets/VIRTI/VOXEL-Forniture-FREE/Example/PostProcessing/Resources/Bluenoise64/LDR_LLL1_61.png
  artifactKey: Guid(119591e0bb084e848835d237546b3882) Importer(815301076,1909f56bfc062723c751e8b465ee728b)
Start importing Assets/VIRTI/VOXEL-Forniture-FREE/Example/PostProcessing/Resources/Bluenoise64/LDR_LLL1_61.png using Guid(119591e0bb084e848835d237546b3882) Importer(815301076,1909f56bfc062723c751e8b465ee728b)  -> (artifact id: '6117f6f33003e9c54b8a2f029a95934e') in 0.015967 seconds 
========================================================================
Received Import Request.
  Time since last request: 0.000031 seconds.
  path: Assets/VIRTI/VOXEL-Forniture-FREE/Example/PostProcessing/Resources/Bluenoise64/LDR_LLL1_49.png
  artifactKey: Guid(3f7c3687170b90e4a8d2ee6b142670f4) Importer(815301076,1909f56bfc062723c751e8b465ee728b)
Start importing Assets/VIRTI/VOXEL-Forniture-FREE/Example/PostProcessing/Resources/Bluenoise64/LDR_LLL1_49.png using Guid(3f7c3687170b90e4a8d2ee6b142670f4) Importer(815301076,1909f56bfc062723c751e8b465ee728b)  -> (artifact id: 'ca807aff43cb436439a51f03a5b6b9bc') in 0.014274 seconds 
========================================================================
Received Import Request.
  Time since last request: 0.000020 seconds.
  path: Assets/VIRTI/VOXEL-Forniture-FREE/Example/PostProcessing/Resources/Bluenoise64/LDR_LLL1_23.png
  artifactKey: Guid(bfe953600e8fb1849a804ee08ace7b4c) Importer(815301076,1909f56bfc062723c751e8b465ee728b)
Start importing Assets/VIRTI/VOXEL-Forniture-FREE/Example/PostProcessing/Resources/Bluenoise64/LDR_LLL1_23.png using Guid(bfe953600e8fb1849a804ee08ace7b4c) Importer(815301076,1909f56bfc062723c751e8b465ee728b)  -> (artifact id: '91c50a95fca6aa1b913b0b1deacee9f8') in 0.016065 seconds 
========================================================================
Received Import Request.
  Time since last request: 0.000018 seconds.
  path: Assets/VIRTI/VOXEL-Forniture-FREE/Example/PostProcessing/Resources/Bluenoise64/LDR_LLL1_40.png
  artifactKey: Guid(1a9ce5640cde5934aae0022f020464a6) Importer(815301076,1909f56bfc062723c751e8b465ee728b)
Start importing Assets/VIRTI/VOXEL-Forniture-FREE/Example/PostProcessing/Resources/Bluenoise64/LDR_LLL1_40.png using Guid(1a9ce5640cde5934aae0022f020464a6) Importer(815301076,1909f56bfc062723c751e8b465ee728b)  -> (artifact id: '37adfff53c4e5ec1ccd98db07228f819') in 0.016129 seconds 
========================================================================
Received Import Request.
  Time since last request: 0.000021 seconds.
  path: Assets/VIRTI/VOXEL-Forniture-FREE/Example/PostProcessing/Resources/Bluenoise64/LDR_LLL1_56.png
  artifactKey: Guid(70f23eaf7d8ae9147aa542d20e93733b) Importer(815301076,1909f56bfc062723c751e8b465ee728b)
Start importing Assets/VIRTI/VOXEL-Forniture-FREE/Example/PostProcessing/Resources/Bluenoise64/LDR_LLL1_56.png using Guid(70f23eaf7d8ae9147aa542d20e93733b) Importer(815301076,1909f56bfc062723c751e8b465ee728b)  -> (artifact id: '5418cf436f45ec2c6c1c0b324816c4c0') in 0.015300 seconds 
========================================================================
Received Import Request.
  Time since last request: 0.000023 seconds.
  path: Assets/VIRTI/VOXEL-Forniture-FREE/Example/PostProcessing/Resources/Bluenoise64/LDR_LLL1_19.png
  artifactKey: Guid(729a3ae164bcb3b4380459386adcf331) Importer(815301076,1909f56bfc062723c751e8b465ee728b)
Start importing Assets/VIRTI/VOXEL-Forniture-FREE/Example/PostProcessing/Resources/Bluenoise64/LDR_LLL1_19.png using Guid(729a3ae164bcb3b4380459386adcf331) Importer(815301076,1909f56bfc062723c751e8b465ee728b)  -> (artifact id: '265a485c30560a57c3f784b9330028c1') in 0.014996 seconds 
========================================================================
Received Import Request.
  Time since last request: 0.000027 seconds.
  path: Assets/VIRTI/VOXEL-Forniture-FREE/Example/PostProcessing/Resources/Bluenoise64/LDR_LLL1_26.png
  artifactKey: Guid(09f6c01f98a3ded4daf1afc52a3c260f) Importer(815301076,1909f56bfc062723c751e8b465ee728b)
Start importing Assets/VIRTI/VOXEL-Forniture-FREE/Example/PostProcessing/Resources/Bluenoise64/LDR_LLL1_26.png using Guid(09f6c01f98a3ded4daf1afc52a3c260f) Importer(815301076,1909f56bfc062723c751e8b465ee728b)  -> (artifact id: 'f173f450f924cf96bfc525e3ff9f6d41') in 0.015216 seconds 
========================================================================
Received Import Request.
  Time since last request: 0.000031 seconds.
  path: Assets/VIRTI/VOXEL-Forniture-FREE/Example/PostProcessing/Resources/Bluenoise64/LDR_LLL1_3.png
  artifactKey: Guid(373f9bf6b0841af4ebf26d25e4a3f4e2) Importer(815301076,1909f56bfc062723c751e8b465ee728b)
Start importing Assets/VIRTI/VOXEL-Forniture-FREE/Example/PostProcessing/Resources/Bluenoise64/LDR_LLL1_3.png using Guid(373f9bf6b0841af4ebf26d25e4a3f4e2) Importer(815301076,1909f56bfc062723c751e8b465ee728b)  -> (artifact id: '46b67de4ac2bcbb8bc32728a1669c9b1') in 0.016044 seconds 
========================================================================
Received Import Request.
  Time since last request: 0.000016 seconds.
  path: Assets/VIRTI/VOXEL-Forniture-FREE/Example/PostProcessing/Resources/Bluenoise64/LDR_LLL1_2.png
  artifactKey: Guid(a469f920b21fc7c4fb5b950917ce2fb2) Importer(815301076,1909f56bfc062723c751e8b465ee728b)
Start importing Assets/VIRTI/VOXEL-Forniture-FREE/Example/PostProcessing/Resources/Bluenoise64/LDR_LLL1_2.png using Guid(a469f920b21fc7c4fb5b950917ce2fb2) Importer(815301076,1909f56bfc062723c751e8b465ee728b)  -> (artifact id: '560d65da2ec954dd825f635358f13637') in 0.015398 seconds 
========================================================================
Received Import Request.
  Time since last request: 0.000017 seconds.
  path: Assets/VIRTI/VOXEL-Forniture-FREE/Example/PostProcessing/Resources/Bluenoise64/LDR_LLL1_16.png
  artifactKey: Guid(153f7d6dfbe713d4884df0f1e243ba92) Importer(815301076,1909f56bfc062723c751e8b465ee728b)
Start importing Assets/VIRTI/VOXEL-Forniture-FREE/Example/PostProcessing/Resources/Bluenoise64/LDR_LLL1_16.png using Guid(153f7d6dfbe713d4884df0f1e243ba92) Importer(815301076,1909f56bfc062723c751e8b465ee728b)  -> (artifact id: '50cd4cedd01f7052e910103de9f9c80c') in 0.014754 seconds 
========================================================================
Received Import Request.
  Time since last request: 0.000026 seconds.
  path: Assets/VIRTI/VOXEL-Forniture-FREE/Example/PostProcessing/Resources/Bluenoise64/LDR_LLL1_18.png
  artifactKey: Guid(74aca53eb7273624baffc2bf5e5cc173) Importer(815301076,1909f56bfc062723c751e8b465ee728b)
Start importing Assets/VIRTI/VOXEL-Forniture-FREE/Example/PostProcessing/Resources/Bluenoise64/LDR_LLL1_18.png using Guid(74aca53eb7273624baffc2bf5e5cc173) Importer(815301076,1909f56bfc062723c751e8b465ee728b)  -> (artifact id: '5f6ffa6d2ec1ae1820bebda6fee974ec') in 0.014290 seconds 
========================================================================
Received Import Request.
  Time since last request: 0.000018 seconds.
  path: Assets/VIRTI/VOXEL-Forniture-FREE/Example/PostProcessing/Resources/Bluenoise64/LDR_LLL1_38.png
  artifactKey: Guid(9660a4ca1ca8425408ac25c641932977) Importer(815301076,1909f56bfc062723c751e8b465ee728b)
Start importing Assets/VIRTI/VOXEL-Forniture-FREE/Example/PostProcessing/Resources/Bluenoise64/LDR_LLL1_38.png using Guid(9660a4ca1ca8425408ac25c641932977) Importer(815301076,1909f56bfc062723c751e8b465ee728b)  -> (artifact id: '4c04f6549a1b36926132f1fcefe3c8f6') in 0.016852 seconds 
========================================================================
Received Import Request.
  Time since last request: 0.000021 seconds.
  path: Assets/VIRTI/VOXEL-Forniture-FREE/Example/PostProcessing/Resources/Bluenoise64/LDR_LLL1_59.png
  artifactKey: Guid(d96974690c77f50489eb60ec84bd8dac) Importer(815301076,1909f56bfc062723c751e8b465ee728b)
Start importing Assets/VIRTI/VOXEL-Forniture-FREE/Example/PostProcessing/Resources/Bluenoise64/LDR_LLL1_59.png using Guid(d96974690c77f50489eb60ec84bd8dac) Importer(815301076,1909f56bfc062723c751e8b465ee728b)  -> (artifact id: '39ae992857bec329493239679dea8a02') in 0.015393 seconds 
========================================================================
Received Import Request.
  Time since last request: 0.000021 seconds.
  path: Assets/VIRTI/VOXEL-Forniture-FREE/Example/PostProcessing/Resources/Bluenoise64/LDR_LLL1_62.png
  artifactKey: Guid(a03c400b0e3959f428ee99dfc6cfc263) Importer(815301076,1909f56bfc062723c751e8b465ee728b)
Start importing Assets/VIRTI/VOXEL-Forniture-FREE/Example/PostProcessing/Resources/Bluenoise64/LDR_LLL1_62.png using Guid(a03c400b0e3959f428ee99dfc6cfc263) Importer(815301076,1909f56bfc062723c751e8b465ee728b)  -> (artifact id: 'f30c6ac9f7393935d8f719dba0e543eb') in 0.015061 seconds 
========================================================================
Received Import Request.
  Time since last request: 0.000019 seconds.
  path: Assets/VIRTI/VOXEL-Forniture-FREE/Example/PostProcessing/Resources/Bluenoise64/LDR_LLL1_10.png
  artifactKey: Guid(afe1e502240079342a0a980484b6da8b) Importer(815301076,1909f56bfc062723c751e8b465ee728b)
Start importing Assets/VIRTI/VOXEL-Forniture-FREE/Example/PostProcessing/Resources/Bluenoise64/LDR_LLL1_10.png using Guid(afe1e502240079342a0a980484b6da8b) Importer(815301076,1909f56bfc062723c751e8b465ee728b)  -> (artifact id: '399a7b52f2c11d424907e06832032957') in 0.015765 seconds 
========================================================================
Received Import Request.
  Time since last request: 0.000021 seconds.
  path: Assets/VIRTI/VOXEL-Forniture-FREE/Example/PostProcessing/Resources/Bluenoise64/LDR_LLL1_57.png
  artifactKey: Guid(e138166e7a7c70f49943be7edda35d35) Importer(815301076,1909f56bfc062723c751e8b465ee728b)
Start importing Assets/VIRTI/VOXEL-Forniture-FREE/Example/PostProcessing/Resources/Bluenoise64/LDR_LLL1_57.png using Guid(e138166e7a7c70f49943be7edda35d35) Importer(815301076,1909f56bfc062723c751e8b465ee728b)  -> (artifact id: '26ba33ac857b7fdbd05475723e7b52f1') in 0.016166 seconds 
========================================================================
Received Import Request.
  Time since last request: 0.000020 seconds.
  path: Assets/VIRTI/VOXEL-Forniture-FREE/Example/PostProcessing/Resources/Bluenoise64/LDR_LLL1_27.png
  artifactKey: Guid(bdd06fb88ef36ed4a85dd506352c2d80) Importer(815301076,1909f56bfc062723c751e8b465ee728b)
Start importing Assets/VIRTI/VOXEL-Forniture-FREE/Example/PostProcessing/Resources/Bluenoise64/LDR_LLL1_27.png using Guid(bdd06fb88ef36ed4a85dd506352c2d80) Importer(815301076,1909f56bfc062723c751e8b465ee728b)  -> (artifact id: '3cf193d77e6dc790867a007661b22f07') in 0.015630 seconds 
========================================================================
Received Import Request.
  Time since last request: 0.000027 seconds.
  path: Assets/VIRTI/VOXEL-Forniture-FREE/Example/PostProcessing/Resources/Bluenoise64/LDR_LLL1_24.png
  artifactKey: Guid(32c6a5f7143b86c44bd5cdee2ff3f8ad) Importer(815301076,1909f56bfc062723c751e8b465ee728b)
Start importing Assets/VIRTI/VOXEL-Forniture-FREE/Example/PostProcessing/Resources/Bluenoise64/LDR_LLL1_24.png using Guid(32c6a5f7143b86c44bd5cdee2ff3f8ad) Importer(815301076,1909f56bfc062723c751e8b465ee728b)  -> (artifact id: '474c2ddf157d38ddfd5f28e748d057fb') in 0.018184 seconds 
========================================================================
Received Import Request.
  Time since last request: 0.000042 seconds.
  path: Assets/VIRTI/VOXEL-Forniture-FREE/Example/PostProcessing/Resources/Bluenoise64/LDR_LLL1_45.png
  artifactKey: Guid(b9960364038cbfa4aa49d7b2032d3110) Importer(815301076,1909f56bfc062723c751e8b465ee728b)
Start importing Assets/VIRTI/VOXEL-Forniture-FREE/Example/PostProcessing/Resources/Bluenoise64/LDR_LLL1_45.png using Guid(b9960364038cbfa4aa49d7b2032d3110) Importer(815301076,1909f56bfc062723c751e8b465ee728b)  -> (artifact id: '5d4dfd1b8accb45fe030e00ed4374b3c') in 0.021901 seconds 
========================================================================
Received Import Request.
  Time since last request: 0.000048 seconds.
  path: Assets/VIRTI/VOXEL-Forniture-FREE/Example/PostProcessing/Resources/Bluenoise64/LDR_LLL1_51.png
  artifactKey: Guid(d5a51525b27e3ee4aadbeb39cbcf0750) Importer(815301076,1909f56bfc062723c751e8b465ee728b)
Start importing Assets/VIRTI/VOXEL-Forniture-FREE/Example/PostProcessing/Resources/Bluenoise64/LDR_LLL1_51.png using Guid(d5a51525b27e3ee4aadbeb39cbcf0750) Importer(815301076,1909f56bfc062723c751e8b465ee728b)  -> (artifact id: '5b0833944192e6b6d69ddd8d821c752c') in 0.022763 seconds 
========================================================================
Received Import Request.
  Time since last request: 0.000033 seconds.
  path: Assets/VIRTI/VOXEL-Forniture-FREE/Example/PostProcessing/Resources/Bluenoise64/LDR_LLL1_13.png
  artifactKey: Guid(68613e6a221be1a4b9f31d7fa1c2d1bf) Importer(815301076,1909f56bfc062723c751e8b465ee728b)
Start importing Assets/VIRTI/VOXEL-Forniture-FREE/Example/PostProcessing/Resources/Bluenoise64/LDR_LLL1_13.png using Guid(68613e6a221be1a4b9f31d7fa1c2d1bf) Importer(815301076,1909f56bfc062723c751e8b465ee728b)  -> (artifact id: '2ab79788699d54f5b03801ae6a684df1') in 0.016259 seconds 
========================================================================
Received Import Request.
  Time since last request: 0.000020 seconds.
  path: Assets/VIRTI/VOXEL-Forniture-FREE/Example/PostProcessing/Resources/Bluenoise64/LDR_LLL1_33.png
  artifactKey: Guid(b71bb466b71fd13449dd736f63caeb67) Importer(815301076,1909f56bfc062723c751e8b465ee728b)
Start importing Assets/VIRTI/VOXEL-Forniture-FREE/Example/PostProcessing/Resources/Bluenoise64/LDR_LLL1_33.png using Guid(b71bb466b71fd13449dd736f63caeb67) Importer(815301076,1909f56bfc062723c751e8b465ee728b)  -> (artifact id: '8ceca7ddfd934471273887a52dbc1916') in 0.019176 seconds 
========================================================================
Received Import Request.
  Time since last request: 0.000022 seconds.
  path: Assets/VIRTI/VOXEL-Forniture-FREE/Example/PostProcessing/Resources/Bluenoise64/LDR_LLL1_17.png
  artifactKey: Guid(bf95b6fdc179b0e4f890c841406193fc) Importer(815301076,1909f56bfc062723c751e8b465ee728b)
Start importing Assets/VIRTI/VOXEL-Forniture-FREE/Example/PostProcessing/Resources/Bluenoise64/LDR_LLL1_17.png using Guid(bf95b6fdc179b0e4f890c841406193fc) Importer(815301076,1909f56bfc062723c751e8b465ee728b)  -> (artifact id: '8980fea138b02d868abdef97cdd4dabe') in 0.016594 seconds 
========================================================================
Received Import Request.
  Time since last request: 0.000020 seconds.
  path: Assets/VIRTI/VOXEL-Forniture-FREE/Example/PostProcessing/Resources/Bluenoise64/LDR_LLL1_43.png
  artifactKey: Guid(71bc1b6b66e8b784b972199b7e90204e) Importer(815301076,1909f56bfc062723c751e8b465ee728b)
Start importing Assets/VIRTI/VOXEL-Forniture-FREE/Example/PostProcessing/Resources/Bluenoise64/LDR_LLL1_43.png using Guid(71bc1b6b66e8b784b972199b7e90204e) Importer(815301076,1909f56bfc062723c751e8b465ee728b)  -> (artifact id: '375fba193dba95745cace0bb74d41ce8') in 0.017878 seconds 
========================================================================
Received Import Request.
  Time since last request: 0.000019 seconds.
  path: Assets/VIRTI/VOXEL-Forniture-FREE/Example/PostProcessing/Resources/Bluenoise64/LDR_LLL1_35.png
  artifactKey: Guid(0a79c155edf9b2d429d4736abee5acdb) Importer(815301076,1909f56bfc062723c751e8b465ee728b)
Start importing Assets/VIRTI/VOXEL-Forniture-FREE/Example/PostProcessing/Resources/Bluenoise64/LDR_LLL1_35.png using Guid(0a79c155edf9b2d429d4736abee5acdb) Importer(815301076,1909f56bfc062723c751e8b465ee728b)  -> (artifact id: '8382fb884104f932e3b80ea79c56bef2') in 0.019339 seconds 
========================================================================
Received Import Request.
  Time since last request: 0.000022 seconds.
  path: Assets/VIRTI/VOXEL-Forniture-FREE/Example/PostProcessing/Resources/Bluenoise64/LDR_LLL1_37.png
  artifactKey: Guid(1d6958e30e40a254dbe5a54c573eeb3c) Importer(815301076,1909f56bfc062723c751e8b465ee728b)
Start importing Assets/VIRTI/VOXEL-Forniture-FREE/Example/PostProcessing/Resources/Bluenoise64/LDR_LLL1_37.png using Guid(1d6958e30e40a254dbe5a54c573eeb3c) Importer(815301076,1909f56bfc062723c751e8b465ee728b)  -> (artifact id: '0f37ccf3b6ddcd1504712af7bcf1b681') in 0.015674 seconds 
========================================================================
Received Import Request.
  Time since last request: 22.152677 seconds.
  path: Assets/VIRTI/VOXEL-Forniture-FREE/Models/Materials
  artifactKey: Guid(22d37fe0f79ec1b4aa4f91a248d7d4fa) Importer(815301076,1909f56bfc062723c751e8b465ee728b)
Start importing Assets/VIRTI/VOXEL-Forniture-FREE/Models/Materials using Guid(22d37fe0f79ec1b4aa4f91a248d7d4fa) Importer(815301076,1909f56bfc062723c751e8b465ee728b)  -> (artifact id: '2c04cffdfc7baee5f4acd41d0a8613c2') in 0.006533 seconds 
========================================================================
Received Import Request.
  Time since last request: 0.046801 seconds.
  path: Assets/VIRTI/VOXEL-Forniture-FREE/Models/Materials/Material.001.mat
  artifactKey: Guid(a893a03f0ad06854aab055c11a7248fd) Importer(815301076,1909f56bfc062723c751e8b465ee728b)
Start importing Assets/VIRTI/VOXEL-Forniture-FREE/Models/Materials/Material.001.mat using Guid(a893a03f0ad06854aab055c11a7248fd) Importer(815301076,1909f56bfc062723c751e8b465ee728b)  -> (artifact id: '797f8156cc05d5f1dfb33066801c9778') in 0.161785 seconds 
========================================================================
Received Import Request.
  Time since last request: 26.941714 seconds.
  path: Assets/VIRTI/VOXEL-Forniture-FREE/Prefabs
  artifactKey: Guid(4e938b5dafeca3344810a8bd0ed56f8f) Importer(815301076,1909f56bfc062723c751e8b465ee728b)
Start importing Assets/VIRTI/VOXEL-Forniture-FREE/Prefabs using Guid(4e938b5dafeca3344810a8bd0ed56f8f) Importer(815301076,1909f56bfc062723c751e8b465ee728b)  -> (artifact id: '0ca743fbc7e0dc935a15599b6e9c7a7a') in 0.006254 seconds 
========================================================================
Received Import Request.
  Time since last request: 0.486506 seconds.
  path: Assets/VIRTI/VOXEL-Forniture-FREE/Example
  artifactKey: Guid(65448ce9275ffd64e8ed112e30ab932b) Importer(815301076,1909f56bfc062723c751e8b465ee728b)
Start importing Assets/VIRTI/VOXEL-Forniture-FREE/Example using Guid(65448ce9275ffd64e8ed112e30ab932b) Importer(815301076,1909f56bfc062723c751e8b465ee728b)  -> (artifact id: '0ee4f65944f1908d7040871425368aaf') in 0.005815 seconds 
========================================================================
Received Import Request.
  Time since last request: 2.186583 seconds.
  path: Assets/VIRTI/VOXEL-Forniture-FREE/Models
  artifactKey: Guid(a84da4738f90c354cbd0baddbc3af64c) Importer(815301076,1909f56bfc062723c751e8b465ee728b)
Start importing Assets/VIRTI/VOXEL-Forniture-FREE/Models using Guid(a84da4738f90c354cbd0baddbc3af64c) Importer(815301076,1909f56bfc062723c751e8b465ee728b)  -> (artifact id: 'e31792132a86eabac21f553aa55f0da8') in 0.005468 seconds 
========================================================================
Received Import Request.
  Time since last request: 6.460502 seconds.
  path: Assets/VIRTI/VOXEL-Forniture-FREE
  artifactKey: Guid(0dc056b09d693554b8d860fc060abaf2) Importer(815301076,1909f56bfc062723c751e8b465ee728b)
Start importing Assets/VIRTI/VOXEL-Forniture-FREE using Guid(0dc056b09d693554b8d860fc060abaf2) Importer(815301076,1909f56bfc062723c751e8b465ee728b)  -> (artifact id: '8ab475319a7dc85360a61826fbf5960d') in 0.005620 seconds 
========================================================================
Received Import Request.
  Time since last request: 5.478349 seconds.
  path: Assets/VIRTI/VOXEL-Forniture-FREE/Models/Textures
  artifactKey: Guid(f0f3d5ab0ae577145903777121afb29d) Importer(815301076,1909f56bfc062723c751e8b465ee728b)
Start importing Assets/VIRTI/VOXEL-Forniture-FREE/Models/Textures using Guid(f0f3d5ab0ae577145903777121afb29d) Importer(815301076,1909f56bfc062723c751e8b465ee728b)  -> (artifact id: '76d56ba5832b2f0a0a403b7e45fb477e') in 0.005625 seconds 
========================================================================
Received Import Request.
  Time since last request: 0.050159 seconds.
  path: Assets/VIRTI/VOXEL-Forniture-FREE/Models/Textures/quadro1.png
  artifactKey: Guid(d9019dc363768744bb4cd66148cc5515) Importer(815301076,1909f56bfc062723c751e8b465ee728b)
Start importing Assets/VIRTI/VOXEL-Forniture-FREE/Models/Textures/quadro1.png using Guid(d9019dc363768744bb4cd66148cc5515) Importer(815301076,1909f56bfc062723c751e8b465ee728b)  -> (artifact id: 'cb8fc690108b524e6f0a5df2edbcad52') in 0.027525 seconds 
========================================================================
Received Import Request.
  Time since last request: 8.730545 seconds.
  path: Assets/VIRTI/VOXEL-Forniture-FREE/Example/PostProcessing
  artifactKey: Guid(f27ad99ac6fe1064eabef0ac61630eb4) Importer(815301076,1909f56bfc062723c751e8b465ee728b)
Start importing Assets/VIRTI/VOXEL-Forniture-FREE/Example/PostProcessing using Guid(f27ad99ac6fe1064eabef0ac61630eb4) Importer(815301076,1909f56bfc062723c751e8b465ee728b)  -> (artifact id: 'c76e84ce39806506dfb73e78f744a4dc') in 0.006075 seconds 
========================================================================
Received Import Request.
  Time since last request: 0.802081 seconds.
  path: Assets/VIRTI/VOXEL-Forniture-FREE/Example/Standard Assets
  artifactKey: Guid(2bb0ef03217adc04982a092dee1176b4) Importer(815301076,1909f56bfc062723c751e8b465ee728b)
Start importing Assets/VIRTI/VOXEL-Forniture-FREE/Example/Standard Assets using Guid(2bb0ef03217adc04982a092dee1176b4) Importer(815301076,1909f56bfc062723c751e8b465ee728b)  -> (artifact id: '84e554daf1c02b472045b4de702e8c9b') in 0.006440 seconds 
========================================================================
Received Import Request.
  Time since last request: 2.895770 seconds.
  path: Assets/VIRTI/VOXEL-Forniture-FREE/Example/Standard Assets/Editor
  artifactKey: Guid(c33e4855b3a60914d87782fc892e193a) Importer(815301076,1909f56bfc062723c751e8b465ee728b)
Start importing Assets/VIRTI/VOXEL-Forniture-FREE/Example/Standard Assets/Editor using Guid(c33e4855b3a60914d87782fc892e193a) Importer(815301076,1909f56bfc062723c751e8b465ee728b)  -> (artifact id: 'fcc99abd6061598755a5d9375ba21d5e') in 0.005553 seconds 
========================================================================
Received Import Request.
  Time since last request: 1.465523 seconds.
  path: Assets/VIRTI/VOXEL-Forniture-FREE/Example/Standard Assets/PhysicsMaterials
  artifactKey: Guid(5eebb5849c50a2c4ea24ded96e6f3aac) Importer(815301076,1909f56bfc062723c751e8b465ee728b)
Start importing Assets/VIRTI/VOXEL-Forniture-FREE/Example/Standard Assets/PhysicsMaterials using Guid(5eebb5849c50a2c4ea24ded96e6f3aac) Importer(815301076,1909f56bfc062723c751e8b465ee728b)  -> (artifact id: '9fa7bb80d7e88a152039cd8250106b48') in 0.005509 seconds 
========================================================================
Received Import Request.
  Time since last request: 0.076496 seconds.
  path: Assets/VIRTI/VOXEL-Forniture-FREE/Example/Standard Assets/PhysicsMaterials/Bouncy.physicmaterial
  artifactKey: Guid(9f93f63d068b08c459038c40fce897d8) Importer(815301076,1909f56bfc062723c751e8b465ee728b)
Start importing Assets/VIRTI/VOXEL-Forniture-FREE/Example/Standard Assets/PhysicsMaterials/Bouncy.physicmaterial using Guid(9f93f63d068b08c459038c40fce897d8) Importer(815301076,1909f56bfc062723c751e8b465ee728b)  -> (artifact id: 'e1e5269ad8f397d615240ba18b79d38d') in 0.009664 seconds 
========================================================================
Received Import Request.
  Time since last request: 0.000027 seconds.
  path: Assets/VIRTI/VOXEL-Forniture-FREE/Example/Standard Assets/PhysicsMaterials/Wood.physicmaterial
  artifactKey: Guid(3aeb7dadc0c69d54d9e5777e9d5631f1) Importer(815301076,1909f56bfc062723c751e8b465ee728b)
Start importing Assets/VIRTI/VOXEL-Forniture-FREE/Example/Standard Assets/PhysicsMaterials/Wood.physicmaterial using Guid(3aeb7dadc0c69d54d9e5777e9d5631f1) Importer(815301076,1909f56bfc062723c751e8b465ee728b)  -> (artifact id: '31b639e2c98a1c41b17318efd2291011') in 0.006960 seconds 
========================================================================
Received Import Request.
  Time since last request: 16.776793 seconds.
  path: Assets/VIRTI/VOXEL-Forniture-FREE/Prefabs/Kitchen
  artifactKey: Guid(4b8d7ab6fb164e041ba93a961f93a728) Importer(815301076,1909f56bfc062723c751e8b465ee728b)
Start importing Assets/VIRTI/VOXEL-Forniture-FREE/Prefabs/Kitchen using Guid(4b8d7ab6fb164e041ba93a961f93a728) Importer(815301076,1909f56bfc062723c751e8b465ee728b)  -> (artifact id: 'b01bd95a0b705af6d4e8e0b19ac39ecc') in 0.006744 seconds 
========================================================================
Received Import Request.
  Time since last request: 0.048489 seconds.
  path: Assets/VIRTI/VOXEL-Forniture-FREE/Prefabs/Kitchen/Refrigerator.prefab
  artifactKey: Guid(dd2596e4c6e17754b97b1357e7bdb896) Importer(815301076,1909f56bfc062723c751e8b465ee728b)
Start importing Assets/VIRTI/VOXEL-Forniture-FREE/Prefabs/Kitchen/Refrigerator.prefab using Guid(dd2596e4c6e17754b97b1357e7bdb896) Importer(815301076,1909f56bfc062723c751e8b465ee728b)  -> (artifact id: 'dc27852e75ce56af7caabe254b422615') in 0.027539 seconds 
========================================================================
Received Import Request.
  Time since last request: 32.643472 seconds.
  path: Assets/Scenes/Level.unity
  artifactKey: Guid(21feb02c5712d2c409b191aef985122d) Importer(815301076,1909f56bfc062723c751e8b465ee728b)
Start importing Assets/Scenes/Level.unity using Guid(21feb02c5712d2c409b191aef985122d) Importer(815301076,1909f56bfc062723c751e8b465ee728b)  -> (artifact id: 'a99d31f3fbcbb8afeb4d0c1c05b35350') in 0.007013 seconds 
========================================================================
Received Import Request.
  Time since last request: 7.812969 seconds.
  path: Assets/TutorialInfo/Icons
  artifactKey: Guid(8a0c9218a650547d98138cd835033977) Importer(815301076,1909f56bfc062723c751e8b465ee728b)
Start importing Assets/TutorialInfo/Icons using Guid(8a0c9218a650547d98138cd835033977) Importer(815301076,1909f56bfc062723c751e8b465ee728b)  -> (artifact id: '97246fe29dc966453781dc86007a4ba4') in 0.005710 seconds 
========================================================================
Received Import Request.
  Time since last request: 0.048472 seconds.
  path: Assets/TutorialInfo/Icons/Help_Icon.png
  artifactKey: Guid(34f556d724b1bbf4097ca6220db2c581) Importer(815301076,1909f56bfc062723c751e8b465ee728b)
Start importing Assets/TutorialInfo/Icons/Help_Icon.png using Guid(34f556d724b1bbf4097ca6220db2c581) Importer(815301076,1909f56bfc062723c751e8b465ee728b)  -> (artifact id: '9a178386bbfbbf4003c59bee6788e335') in 0.017145 seconds 
========================================================================
Received Import Request.
  Time since last request: 10.644276 seconds.
  path: Assets/HomeStuff/Materials/Ground.mat
  artifactKey: Guid(d9ed81d4fbf959a468e53f1553e4cb45) Importer(815301076,1909f56bfc062723c751e8b465ee728b)
Start importing Assets/HomeStuff/Materials/Ground.mat using Guid(d9ed81d4fbf959a468e53f1553e4cb45) Importer(815301076,1909f56bfc062723c751e8b465ee728b)  -> (artifact id: '97f5d51d345b692724d9ce1d8b129e30') in 0.027094 seconds 
========================================================================
Received Import Request.
  Time since last request: 1.965734 seconds.
  path: Assets/HomeStuff/Models/BathSink.fbx
  artifactKey: Guid(3126f881a886f8144bb2e36e85d0c390) Importer(815301076,1909f56bfc062723c751e8b465ee728b)
Start importing Assets/HomeStuff/Models/BathSink.fbx using Guid(3126f881a886f8144bb2e36e85d0c390) Importer(815301076,1909f56bfc062723c751e8b465ee728b)  -> (artifact id: '06a1e5efb916e50b2feefaf4a97df407') in 0.048611 seconds 
========================================================================
Received Import Request.
  Time since last request: 0.000025 seconds.
  path: Assets/HomeStuff/Models/Lamp.fbx
  artifactKey: Guid(be1b3100d2863af4bb5022d0c5293618) Importer(815301076,1909f56bfc062723c751e8b465ee728b)
Start importing Assets/HomeStuff/Models/Lamp.fbx using Guid(be1b3100d2863af4bb5022d0c5293618) Importer(815301076,1909f56bfc062723c751e8b465ee728b)  -> (artifact id: '2c7a4837d7fd4b1ad38c03d0d59bacf6') in 0.032106 seconds 
========================================================================
Received Import Request.
  Time since last request: 0.000055 seconds.
  path: Assets/HomeStuff/Models/Book.5.fbx
  artifactKey: Guid(97abc9643ce768c4298cb1264363ad94) Importer(815301076,1909f56bfc062723c751e8b465ee728b)
Start importing Assets/HomeStuff/Models/Book.5.fbx using Guid(97abc9643ce768c4298cb1264363ad94) Importer(815301076,1909f56bfc062723c751e8b465ee728b)  -> (artifact id: '58756565587b3df4e7d5db6d256e3b1a') in 0.032665 seconds 
========================================================================
Received Import Request.
  Time since last request: 0.000035 seconds.
  path: Assets/HomeStuff/Models/Book.3.fbx
  artifactKey: Guid(702dc3751b1b2cf4f833ca162605cda5) Importer(815301076,1909f56bfc062723c751e8b465ee728b)
Start importing Assets/HomeStuff/Models/Book.3.fbx using Guid(702dc3751b1b2cf4f833ca162605cda5) Importer(815301076,1909f56bfc062723c751e8b465ee728b)  -> (artifact id: '9540564b2909c3cada6ca879339b656b') in 0.037484 seconds 
========================================================================
Received Import Request.
  Time since last request: 0.000028 seconds.
  path: Assets/HomeStuff/Models/Trash.fbx
  artifactKey: Guid(04eb2a943a4c2714e9d66b99957bcf8d) Importer(815301076,1909f56bfc062723c751e8b465ee728b)
Start importing Assets/HomeStuff/Models/Trash.fbx using Guid(04eb2a943a4c2714e9d66b99957bcf8d) Importer(815301076,1909f56bfc062723c751e8b465ee728b)  -> (artifact id: '37a30c11863d86437400e5695557d30e') in 0.029248 seconds 
========================================================================
Received Import Request.
  Time since last request: 0.000027 seconds.
  path: Assets/HomeStuff/Models/Sink.fbx
  artifactKey: Guid(db78d437de8738f48a99e88b4328f62a) Importer(815301076,1909f56bfc062723c751e8b465ee728b)
Start importing Assets/HomeStuff/Models/Sink.fbx using Guid(db78d437de8738f48a99e88b4328f62a) Importer(815301076,1909f56bfc062723c751e8b465ee728b)  -> (artifact id: 'd410ea1ce7a9384a504e5007b6636c38') in 0.025740 seconds 
========================================================================
Received Import Request.
  Time since last request: 0.000019 seconds.
  path: Assets/HomeStuff/Models/Refrigerator.fbx
  artifactKey: Guid(d18c080a08b7a5e49b6b690330057a43) Importer(815301076,1909f56bfc062723c751e8b465ee728b)
Start importing Assets/HomeStuff/Models/Refrigerator.fbx using Guid(d18c080a08b7a5e49b6b690330057a43) Importer(815301076,1909f56bfc062723c751e8b465ee728b)  -> (artifact id: '89bcec69bb283a8a61d4543432f6704f') in 0.032678 seconds 
========================================================================
Received Import Request.
  Time since last request: 0.000025 seconds.
  path: Assets/HomeStuff/Models/Drawer.fbx
  artifactKey: Guid(b36dbcc8ef8059c4a9c8f753d6b0350b) Importer(815301076,1909f56bfc062723c751e8b465ee728b)
Start importing Assets/HomeStuff/Models/Drawer.fbx using Guid(b36dbcc8ef8059c4a9c8f753d6b0350b) Importer(815301076,1909f56bfc062723c751e8b465ee728b)  -> (artifact id: '62514bc847a53d66f71707ed740753e9') in 0.028902 seconds 
========================================================================
Received Import Request.
  Time since last request: 0.000032 seconds.
  path: Assets/HomeStuff/Models/Bed.fbx
  artifactKey: Guid(522560d0696f5804c8622d8ec6342839) Importer(815301076,1909f56bfc062723c751e8b465ee728b)
Start importing Assets/HomeStuff/Models/Bed.fbx using Guid(522560d0696f5804c8622d8ec6342839) Importer(815301076,1909f56bfc062723c751e8b465ee728b)  -> (artifact id: '74c2aaf7e9b5cf02f935107c6d9898ea') in 0.029868 seconds 
========================================================================
Received Import Request.
  Time since last request: 0.000042 seconds.
  path: Assets/HomeStuff/Models/Bookshelf.fbx
  artifactKey: Guid(a2bc5fda40d1ee24ea8d96aa11802285) Importer(815301076,1909f56bfc062723c751e8b465ee728b)
Start importing Assets/HomeStuff/Models/Bookshelf.fbx using Guid(a2bc5fda40d1ee24ea8d96aa11802285) Importer(815301076,1909f56bfc062723c751e8b465ee728b)  -> (artifact id: 'e0968d1af9431fb3f883928e690936a6') in 0.029079 seconds 
========================================================================
Received Import Request.
  Time since last request: 0.000026 seconds.
  path: Assets/HomeStuff/Models/Mirror.fbx
  artifactKey: Guid(e26e73044dab43d4e8697635bc6eaaa3) Importer(815301076,1909f56bfc062723c751e8b465ee728b)
Start importing Assets/HomeStuff/Models/Mirror.fbx using Guid(e26e73044dab43d4e8697635bc6eaaa3) Importer(815301076,1909f56bfc062723c751e8b465ee728b)  -> (artifact id: 'd22a1cb247c759d0f26500657cb83cb4') in 0.024064 seconds 
========================================================================
Received Import Request.
  Time since last request: 0.000020 seconds.
  path: Assets/HomeStuff/Models/Chair.fbx
  artifactKey: Guid(f42838308461a634682be0b1eb1a5a4c) Importer(815301076,1909f56bfc062723c751e8b465ee728b)
Start importing Assets/HomeStuff/Models/Chair.fbx using Guid(f42838308461a634682be0b1eb1a5a4c) Importer(815301076,1909f56bfc062723c751e8b465ee728b)  -> (artifact id: 'b29637c1bb6f1a461559d79fda5b12a6') in 0.028311 seconds 
========================================================================
Received Import Request.
  Time since last request: 0.000025 seconds.
  path: Assets/HomeStuff/Models/Toilet.fbx
  artifactKey: Guid(b3f2c519619fcbd498ca63678fbe736a) Importer(815301076,1909f56bfc062723c751e8b465ee728b)
Start importing Assets/HomeStuff/Models/Toilet.fbx using Guid(b3f2c519619fcbd498ca63678fbe736a) Importer(815301076,1909f56bfc062723c751e8b465ee728b)  -> (artifact id: 'e1e45497c702f075d277f05bf43b5a99') in 0.029127 seconds 
========================================================================
Received Import Request.
  Time since last request: 0.000036 seconds.
  path: Assets/HomeStuff/Models/TVTable.fbx
  artifactKey: Guid(6ab336aa16c0bff44b38248b73687ce2) Importer(815301076,1909f56bfc062723c751e8b465ee728b)
Start importing Assets/HomeStuff/Models/TVTable.fbx using Guid(6ab336aa16c0bff44b38248b73687ce2) Importer(815301076,1909f56bfc062723c751e8b465ee728b)  -> (artifact id: 'a41b3a3f926ec5a4e3ff31dd0e1dd54f') in 0.027307 seconds 
========================================================================
Received Import Request.
  Time since last request: 0.000053 seconds.
  path: Assets/HomeStuff/Models/Book.1.fbx
  artifactKey: Guid(656f375b779461048b0cdde1b80ef0b0) Importer(815301076,1909f56bfc062723c751e8b465ee728b)
Start importing Assets/HomeStuff/Models/Book.1.fbx using Guid(656f375b779461048b0cdde1b80ef0b0) Importer(815301076,1909f56bfc062723c751e8b465ee728b)  -> (artifact id: 'c560d8d78365bee1faa5adf8276d4da8') in 0.027026 seconds 
Editor requested this worker to shutdown with reason: Scaling down because of idle timeout
AssetImportWorker is now disconnected from the server
Process exiting
Exiting without the bug reporter. Application will terminate with return code 0