Using pre-set license
Built from '2021.2/staging' branch; Version is '2021.2.3f1 (32358a8527b4) revision 3290506'; Using compiler version '192829333'; Build Type 'Release'
OS: 'Windows 10 Pro; OS build 22000.376; Version 2009; 64bit' Language: 'ru' Physical Memory: 32622 MB
BatchMode: 1, IsHumanControllingUs: 0, StartBugReporterOnCrash: 0, Is64bit: 1, IsPro: 0

COMMAND LINE ARGUMENTS:
C:\Program Files\Unity\Hub\Editor\2021.2.3f1\Editor\Unity.exe
-adb2
-batchMode
-noUpm
-name
AssetImportWorker4
-projectPath
D:/Program Files/Unity Projects/nymphaeaceae/nymphaeaceae
-logFile
Logs/AssetImportWorker4.log
-srvPort
52172
Successfully changed project path to: D:/Program Files/Unity Projects/nymphaeaceae/nymphaeaceae
D:/Program Files/Unity Projects/nymphaeaceae/nymphaeaceae
[UnityMemory] Configuration Parameters - Can be set up in boot.config
    "memorysetup-bucket-allocator-granularity=16"
    "memorysetup-bucket-allocator-bucket-count=8"
    "memorysetup-bucket-allocator-block-size=33554432"
    "memorysetup-bucket-allocator-block-count=8"
    "memorysetup-main-allocator-block-size=16777216"
    "memorysetup-thread-allocator-block-size=16777216"
    "memorysetup-gfx-main-allocator-block-size=16777216"
    "memorysetup-gfx-thread-allocator-block-size=16777216"
    "memorysetup-cache-allocator-block-size=4194304"
    "memorysetup-typetree-allocator-block-size=2097152"
    "memorysetup-profiler-bucket-allocator-granularity=16"
    "memorysetup-profiler-bucket-allocator-bucket-count=8"
    "memorysetup-profiler-bucket-allocator-block-size=33554432"
    "memorysetup-profiler-bucket-allocator-block-count=8"
    "memorysetup-profiler-allocator-block-size=16777216"
    "memorysetup-profiler-editor-allocator-block-size=1048576"
    "memorysetup-temp-allocator-size-main=16777216"
    "memorysetup-job-temp-allocator-block-size=2097152"
    "memorysetup-job-temp-allocator-block-size-background=1048576"
    "memorysetup-job-temp-allocator-reduction-small-platforms=262144"
    "memorysetup-temp-allocator-size-background-worker=32768"
    "memorysetup-temp-allocator-size-job-worker=262144"
    "memorysetup-temp-allocator-size-preload-manager=33554432"
    "memorysetup-temp-allocator-size-nav-mesh-worker=65536"
    "memorysetup-temp-allocator-size-audio-worker=65536"
    "memorysetup-temp-allocator-size-cloud-worker=32768"
    "memorysetup-temp-allocator-size-gi-baking-worker=262144"
    "memorysetup-temp-allocator-size-gfx=262144"
Refreshing native plugins compatible for Editor in 79.95 ms, found 3 plugins.
Preloading 0 native plugins for Editor in 0.00 ms.
Initialize engine version: 2021.2.3f1 (32358a8527b4)
[Subsystems] Discovering subsystems at path C:/Program Files/Unity/Hub/Editor/2021.2.3f1/Editor/Data/Resources/UnitySubsystems
[Subsystems] Discovering subsystems at path D:/Program Files/Unity Projects/nymphaeaceae/nymphaeaceae/Assets
GfxDevice: creating device client; threaded=0; jobified=0
Direct3D:
    Version:  Direct3D 11.0 [level 11.1]
    Renderer: NVIDIA GeForce GTX 1070 (ID=0x1b81)
    Vendor:   NVIDIA
    VRAM:     8088 MB
    Driver:   30.0.14.9676
Initialize mono
Mono path[0] = 'C:/Program Files/Unity/Hub/Editor/2021.2.3f1/Editor/Data/Managed'
Mono path[1] = 'C:/Program Files/Unity/Hub/Editor/2021.2.3f1/Editor/Data/MonoBleedingEdge/lib/mono/unityjit-win32'
Mono config path = 'C:/Program Files/Unity/Hub/Editor/2021.2.3f1/Editor/Data/MonoBleedingEdge/etc'
Using monoOptions --debugger-agent=transport=dt_socket,embedding=1,server=y,suspend=n,address=127.0.0.1:56252
Begin MonoManager ReloadAssembly
Registering precompiled unity dll's ...
Register platform support module: C:/Program Files/Unity/Hub/Editor/2021.2.3f1/Editor/Data/PlaybackEngines/WindowsStandaloneSupport/UnityEditor.WindowsStandalone.Extensions.dll
Registered in 0.003328 seconds.
Native extension for WindowsStandalone target not found
Refreshing native plugins compatible for Editor in 81.65 ms, found 3 plugins.
Preloading 0 native plugins for Editor in 0.00 ms.
Mono: successfully reloaded assembly
- Completed reload, in  0.504 seconds
Domain Reload Profiling:
	ReloadAssembly (505ms)
		BeginReloadAssembly (53ms)
			ExecutionOrderSort (0ms)
			DisableScriptedObjects (0ms)
			BackupInstance (0ms)
			ReleaseScriptingObjects (0ms)
			CreateAndSetChildDomain (1ms)
		EndReloadAssembly (395ms)
			LoadAssemblies (51ms)
			RebuildTransferFunctionScriptingTraits (0ms)
			SetupTypeCache (75ms)
			ReleaseScriptCaches (0ms)
			RebuildScriptCaches (23ms)
			SetupLoadedEditorAssemblies (255ms)
				LogAssemblyErrors (0ms)
				InitializePlatformSupportModulesInManaged (13ms)
				SetLoadedEditorAssemblies (0ms)
				RefreshPlugins (82ms)
				BeforeProcessingInitializeOnLoad (1ms)
				ProcessInitializeOnLoadAttributes (123ms)
				ProcessInitializeOnLoadMethodAttributes (37ms)
				AfterProcessingInitializeOnLoad (0ms)
				EditorAssembliesLoaded (0ms)
			ExecutionOrderSort2 (0ms)
			AwakeInstancesAfterBackupRestoration (0ms)
Platform modules already initialized, skipping
Registering precompiled user dll's ...
Registered in 0.003138 seconds.
Begin MonoManager ReloadAssembly
Symbol file LoadedFromMemory doesn't match image D:\Program Files\Unity Projects\nymphaeaceae\nymphaeaceae\Library\PackageCache\com.unity.visualscripting@1.7.5\Editor\VisualScripting.Core\Dependencies\YamlDotNet\Unity.VisualScripting.YamlDotNet.dll
Symbol file LoadedFromMemory doesn't match image D:\Program Files\Unity Projects\nymphaeaceae\nymphaeaceae\Library\PackageCache\com.unity.visualscripting@1.7.5\Editor\VisualScripting.Core\Dependencies\DotNetZip\Unity.VisualScripting.IonicZip.dll
Native extension for WindowsStandalone target not found
Refreshing native plugins compatible for Editor in 83.17 ms, found 3 plugins.
Preloading 0 native plugins for Editor in 0.00 ms.
Mono: successfully reloaded assembly
- Completed reload, in  1.266 seconds
Domain Reload Profiling:
	ReloadAssembly (1267ms)
		BeginReloadAssembly (128ms)
			ExecutionOrderSort (0ms)
			DisableScriptedObjects (5ms)
			BackupInstance (0ms)
			ReleaseScriptingObjects (0ms)
			CreateAndSetChildDomain (19ms)
		EndReloadAssembly (1067ms)
			LoadAssemblies (68ms)
			RebuildTransferFunctionScriptingTraits (0ms)
			SetupTypeCache (243ms)
			ReleaseScriptCaches (1ms)
			RebuildScriptCaches (48ms)
			SetupLoadedEditorAssemblies (630ms)
				LogAssemblyErrors (0ms)
				InitializePlatformSupportModulesInManaged (8ms)
				SetLoadedEditorAssemblies (0ms)
				RefreshPlugins (83ms)
				BeforeProcessingInitializeOnLoad (83ms)
				ProcessInitializeOnLoadAttributes (384ms)
				ProcessInitializeOnLoadMethodAttributes (68ms)
				AfterProcessingInitializeOnLoad (4ms)
				EditorAssembliesLoaded (0ms)
			ExecutionOrderSort2 (0ms)
			AwakeInstancesAfterBackupRestoration (6ms)
Platform modules already initialized, skipping
========================================================================
Worker process is ready to serve import requests
Launched and connected shader compiler UnityShaderCompiler.exe after 0.05 seconds
Refreshing native plugins compatible for Editor in 1.65 ms, found 3 plugins.
Preloading 0 native plugins for Editor in 0.00 ms.
Unloading 5103 Unused Serialized files (Serialized files now loaded: 0)
Unloading 35 unused Assets / (347.6 KB). Loaded Objects now: 5564.
Memory consumption went from 205.5 MB to 205.2 MB.
Total: 4.200600 ms (FindLiveObjects: 0.450900 ms CreateObjectMapping: 0.199700 ms MarkObjects: 3.366400 ms  DeleteObjects: 0.182400 ms)

AssetImportParameters requested are different than current active one (requested -> active):
  custom:video-decoder-ogg-theora: a1e56fd34408186e4bbccfd4996cb3dc -> 
  custom:container-muxer-webm: aa71ff27fc2769a1b78a27578f13a17b -> 
  custom:container-demuxer-webm: 4f35f7cbe854078d1ac9338744f61a02 -> 
  custom:video-encoder-webm-vp8: eb34c28f22e8b96e1ab97ce403110664 -> 
  custom:audio-encoder-webm-vorbis: bf7c407c2cedff20999df2af8eb42d56 -> 
  custom:framework-win-MediaFoundation: 216162199b28c13a410421893ffa2e32 -> 
  custom:container-demuxer-ogg: 62fdf1f143b41e24485cea50d1cbac27 -> 
  custom:video-decoder-webm-vp8: 9c59270c3fd7afecdb556c50c9e8de78 -> 
  custom:audio-decoder-ogg-vorbis: bf7c407c2cedff20999df2af8eb42d56 -> 
========================================================================
Received Import Request.
  Time since last request: 41354.789236 seconds.
  path: Assets/HomeStuff/Models/BathSink.fbx
  artifactKey: Guid(3126f881a886f8144bb2e36e85d0c390) Importer(815301076,1909f56bfc062723c751e8b465ee728b)
Start importing Assets/HomeStuff/Models/BathSink.fbx using Guid(3126f881a886f8144bb2e36e85d0c390) Importer(815301076,1909f56bfc062723c751e8b465ee728b)  -> (artifact id: 'cdcc740174e7c6e6ee7584b4fef1604d') in 0.491633 seconds 
========================================================================
Received Import Request.
  Time since last request: 0.000025 seconds.
  path: Assets/HomeStuff/Models/Sink.1.fbx
  artifactKey: Guid(56c0c7640260a9c4bba1d681d44ded82) Importer(815301076,1909f56bfc062723c751e8b465ee728b)
Start importing Assets/HomeStuff/Models/Sink.1.fbx using Guid(56c0c7640260a9c4bba1d681d44ded82) Importer(815301076,1909f56bfc062723c751e8b465ee728b)  -> (artifact id: '04b64da88b085bc14abef06b61b31019') in 0.019715 seconds 
========================================================================
Received Import Request.
  Time since last request: 0.000032 seconds.
  path: Assets/HomeStuff/Models/Boxshelf.fbx
  artifactKey: Guid(3deb423014868c04eb200152022d54c9) Importer(815301076,1909f56bfc062723c751e8b465ee728b)
Start importing Assets/HomeStuff/Models/Boxshelf.fbx using Guid(3deb423014868c04eb200152022d54c9) Importer(815301076,1909f56bfc062723c751e8b465ee728b)  -> (artifact id: '0f7bc93e3bdf4cdbcd1b5a1d2a55d090') in 0.018882 seconds 
========================================================================
Received Import Request.
  Time since last request: 0.000018 seconds.
  path: Assets/HomeStuff/Models/Book.3.fbx
  artifactKey: Guid(702dc3751b1b2cf4f833ca162605cda5) Importer(815301076,1909f56bfc062723c751e8b465ee728b)
Start importing Assets/HomeStuff/Models/Book.3.fbx using Guid(702dc3751b1b2cf4f833ca162605cda5) Importer(815301076,1909f56bfc062723c751e8b465ee728b)  -> (artifact id: '36bfd9aa7c1393629545938bc5374d70') in 0.018891 seconds 
========================================================================
Received Import Request.
  Time since last request: 0.000029 seconds.
  path: Assets/HomeStuff/Models/Sink.fbx
  artifactKey: Guid(db78d437de8738f48a99e88b4328f62a) Importer(815301076,1909f56bfc062723c751e8b465ee728b)
Start importing Assets/HomeStuff/Models/Sink.fbx using Guid(db78d437de8738f48a99e88b4328f62a) Importer(815301076,1909f56bfc062723c751e8b465ee728b)  -> (artifact id: '469a95405cb0e0a72f671b7ecfd46b3c') in 0.019190 seconds 
========================================================================
Received Import Request.
  Time since last request: 0.000041 seconds.
  path: Assets/HomeStuff/Models/Book.4.fbx
  artifactKey: Guid(9b74755f49990804a99d5d68ea5d75a2) Importer(815301076,1909f56bfc062723c751e8b465ee728b)
Start importing Assets/HomeStuff/Models/Book.4.fbx using Guid(9b74755f49990804a99d5d68ea5d75a2) Importer(815301076,1909f56bfc062723c751e8b465ee728b)  -> (artifact id: '4e128a370ce34a07b57b3ac986f4591e') in 0.018265 seconds 
========================================================================
Received Import Request.
  Time since last request: 0.000021 seconds.
  path: Assets/HomeStuff/Models/Microwave.fbx
  artifactKey: Guid(8a62549e9cba08e4caf06a1a49de69d7) Importer(815301076,1909f56bfc062723c751e8b465ee728b)
Start importing Assets/HomeStuff/Models/Microwave.fbx using Guid(8a62549e9cba08e4caf06a1a49de69d7) Importer(815301076,1909f56bfc062723c751e8b465ee728b)  -> (artifact id: 'bebf7c88f2e0e87c1894125fd9dc687e') in 0.022448 seconds 
========================================================================
Received Import Request.
  Time since last request: 0.000040 seconds.
  path: Assets/HomeStuff/Models/Mirror.1.fbx
  artifactKey: Guid(817904b925651f148b5093e4b4274a1a) Importer(815301076,1909f56bfc062723c751e8b465ee728b)
Start importing Assets/HomeStuff/Models/Mirror.1.fbx using Guid(817904b925651f148b5093e4b4274a1a) Importer(815301076,1909f56bfc062723c751e8b465ee728b)  -> (artifact id: 'bbedfb1227709805bf8a6bfd36a0df4c') in 0.019243 seconds 
========================================================================
Received Import Request.
  Time since last request: 0.000033 seconds.
  path: Assets/HomeStuff/Models/TVTable.fbx
  artifactKey: Guid(6ab336aa16c0bff44b38248b73687ce2) Importer(815301076,1909f56bfc062723c751e8b465ee728b)
Start importing Assets/HomeStuff/Models/TVTable.fbx using Guid(6ab336aa16c0bff44b38248b73687ce2) Importer(815301076,1909f56bfc062723c751e8b465ee728b)  -> (artifact id: 'ea17c1d665eeb2ee33a93068ecc1aeaf') in 0.020826 seconds 
========================================================================
Received Import Request.
  Time since last request: 0.000039 seconds.
  path: Assets/HomeStuff/Models/Trash.fbx
  artifactKey: Guid(04eb2a943a4c2714e9d66b99957bcf8d) Importer(815301076,1909f56bfc062723c751e8b465ee728b)
Start importing Assets/HomeStuff/Models/Trash.fbx using Guid(04eb2a943a4c2714e9d66b99957bcf8d) Importer(815301076,1909f56bfc062723c751e8b465ee728b)  -> (artifact id: '86e926844ab1667d13ef73f65d339129') in 0.021669 seconds 
========================================================================
Received Import Request.
  Time since last request: 0.000031 seconds.
  path: Assets/HomeStuff/Models/SmallTable.fbx
  artifactKey: Guid(5348532066f268a4c92eb5aa85f500dd) Importer(815301076,1909f56bfc062723c751e8b465ee728b)
Start importing Assets/HomeStuff/Models/SmallTable.fbx using Guid(5348532066f268a4c92eb5aa85f500dd) Importer(815301076,1909f56bfc062723c751e8b465ee728b)  -> (artifact id: 'dc7e0d67b74f5aaa3c6ae161d7b604b1') in 0.025470 seconds 
========================================================================
Received Import Request.
  Time since last request: 0.000044 seconds.
  path: Assets/HomeStuff/Models/TV.fbx
  artifactKey: Guid(e08e523cc4367234e8b33dbe7552795d) Importer(815301076,1909f56bfc062723c751e8b465ee728b)
Start importing Assets/HomeStuff/Models/TV.fbx using Guid(e08e523cc4367234e8b33dbe7552795d) Importer(815301076,1909f56bfc062723c751e8b465ee728b)  -> (artifact id: '83a51a0a021a80b1eaef4fd0f438448a') in 0.021446 seconds 
========================================================================
Received Import Request.
  Time since last request: 0.000033 seconds.
  path: Assets/HomeStuff/Models/Bed.fbx
  artifactKey: Guid(522560d0696f5804c8622d8ec6342839) Importer(815301076,1909f56bfc062723c751e8b465ee728b)
Start importing Assets/HomeStuff/Models/Bed.fbx using Guid(522560d0696f5804c8622d8ec6342839) Importer(815301076,1909f56bfc062723c751e8b465ee728b)  -> (artifact id: '6f7c44c59b44c5a6c7d4734c6cc20a2a') in 0.020658 seconds 
========================================================================
Received Import Request.
  Time since last request: 0.000027 seconds.
  path: Assets/HomeStuff/Models/Mirror.fbx
  artifactKey: Guid(e26e73044dab43d4e8697635bc6eaaa3) Importer(815301076,1909f56bfc062723c751e8b465ee728b)
Start importing Assets/HomeStuff/Models/Mirror.fbx using Guid(e26e73044dab43d4e8697635bc6eaaa3) Importer(815301076,1909f56bfc062723c751e8b465ee728b)  -> (artifact id: '6b19a045e3c509af79ebee9c2b4e1c61') in 0.019361 seconds 
========================================================================
Received Import Request.
  Time since last request: 0.000023 seconds.
  path: Assets/HomeStuff/Models/Toilet.fbx
  artifactKey: Guid(b3f2c519619fcbd498ca63678fbe736a) Importer(815301076,1909f56bfc062723c751e8b465ee728b)
Start importing Assets/HomeStuff/Models/Toilet.fbx using Guid(b3f2c519619fcbd498ca63678fbe736a) Importer(815301076,1909f56bfc062723c751e8b465ee728b)  -> (artifact id: '140c4f202a69e55c0af699743022ec70') in 0.025089 seconds 
Editor requested this worker to shutdown with reason: Scaling down because of idle timeout
AssetImportWorker is now disconnected from the server
Process exiting
Exiting without the bug reporter. Application will terminate with return code 0